This is pdfTeX, Version 3.141592653-2.6-1.40.24 (MiKTeX 22.11.25) (preloaded format=pdflatex 2022.11.26)  2 DEC 2022 15:45
entering extended mode
 restricted \write18 enabled.
 %&-line parsing enabled.
**./MMS-Latex.tex
(MMS-Latex.tex
LaTeX2e <2022-11-01>
L3 programming layer <2022-11-02>
(C:\Users\Hammad Hassan\AppData\Local\Programs\MiKTeX\tex/latex/base\report.cls
Document Class: report 2022/07/02 v1.4n Standard LaTeX document class

(C:\Users\Hammad Hassan\AppData\Local\Programs\MiKTeX\tex/latex/base\size12.clo
File: size12.clo 2022/07/02 v1.4n Standard LaTeX file (size option)
)
\c@part=\count185
\c@chapter=\count186
\c@section=\count187
\c@subsection=\count188
\c@subsubsection=\count189
\c@paragraph=\count190
\c@subparagraph=\count191
\c@figure=\count192
\c@table=\count193
\abovecaptionskip=\skip47
\belowcaptionskip=\skip48
\bibindent=\dimen140
)
(C:\Users\Hammad Hassan\AppData\Local\Programs\MiKTeX\tex/latex/graphics\graphi
cx.sty
Package: graphicx 2021/09/16 v1.2d Enhanced LaTeX Graphics (DPC,SPQR)

(C:\Users\Hammad Hassan\AppData\Local\Programs\MiKTeX\tex/latex/graphics\keyval
.sty
Package: keyval 2022/05/29 v1.15 key=value parser (DPC)
\KV@toks@=\toks16
)
(C:\Users\Hammad Hassan\AppData\Local\Programs\MiKTeX\tex/latex/graphics\graphi
cs.sty
Package: graphics 2022/03/10 v1.4e Standard LaTeX Graphics (DPC,SPQR)

(C:\Users\Hammad Hassan\AppData\Local\Programs\MiKTeX\tex/latex/graphics\trig.s
ty
Package: trig 2021/08/11 v1.11 sin cos tan (DPC)
)
(C:\Users\Hammad Hassan\AppData\Local\Programs\MiKTeX\tex/latex/graphics-cfg\gr
aphics.cfg
File: graphics.cfg 2016/06/04 v1.11 sample graphics configuration
)
Package graphics Info: Driver file: pdftex.def on input line 107.

(C:\Users\Hammad Hassan\AppData\Local\Programs\MiKTeX\tex/latex/graphics-def\pd
ftex.def
File: pdftex.def 2022/09/22 v1.2b Graphics/color driver for pdftex
))
\Gin@req@height=\dimen141
\Gin@req@width=\dimen142
)
(C:\Users\Hammad Hassan\AppData\Local\Programs\MiKTeX\tex/latex/tools\tabularx.
sty
Package: tabularx 2020/01/15 v2.11c `tabularx' package (DPC)

(C:\Users\Hammad Hassan\AppData\Local\Programs\MiKTeX\tex/latex/tools\array.sty
Package: array 2022/03/10 v2.5f Tabular extension package (FMi)
\col@sep=\dimen143
\ar@mcellbox=\box51
\extrarowheight=\dimen144
\NC@list=\toks17
\extratabsurround=\skip49
\backup@length=\skip50
\ar@cellbox=\box52
)
\TX@col@width=\dimen145
\TX@old@table=\dimen146
\TX@old@col=\dimen147
\TX@target=\dimen148
\TX@delta=\dimen149
\TX@cols=\count194
\TX@ftn=\toks18
)
(C:\Users\Hammad Hassan\AppData\Local\Programs\MiKTeX\tex/latex/l3backend\l3bac
kend-pdftex.def
File: l3backend-pdftex.def 2022-10-26 L3 backend support: PDF output (pdfTeX)
\l__color_backend_stack_int=\count195
\l__pdf_internal_box=\box53
) (MMS-Latex.aux)
\openout1 = `MMS-Latex.aux'.

LaTeX Font Info:    Checking defaults for OML/cmm/m/it on input line 6.
LaTeX Font Info:    ... okay on input line 6.
LaTeX Font Info:    Checking defaults for OMS/cmsy/m/n on input line 6.
LaTeX Font Info:    ... okay on input line 6.
LaTeX Font Info:    Checking defaults for OT1/cmr/m/n on input line 6.
LaTeX Font Info:    ... okay on input line 6.
LaTeX Font Info:    Checking defaults for T1/cmr/m/n on input line 6.
LaTeX Font Info:    ... okay on input line 6.
LaTeX Font Info:    Checking defaults for TS1/cmr/m/n on input line 6.
LaTeX Font Info:    ... okay on input line 6.
LaTeX Font Info:    Checking defaults for OMX/cmex/m/n on input line 6.
LaTeX Font Info:    ... okay on input line 6.
LaTeX Font Info:    Checking defaults for U/cmr/m/n on input line 6.
LaTeX Font Info:    ... okay on input line 6.

(C:\Users\Hammad Hassan\AppData\Local\Programs\MiKTeX\tex/context/base/mkii\sup
p-pdf.mkii
[Loading MPS to PDF converter (version 2006.09.02).]
\scratchcounter=\count196
\scratchdimen=\dimen150
\scratchbox=\box54
\nofMPsegments=\count197
\nofMParguments=\count198
\everyMPshowfont=\toks19
\MPscratchCnt=\count199
\MPscratchDim=\dimen151
\MPnumerator=\count266
\makeMPintoPDFobject=\count267
\everyMPtoPDFconversion=\toks20
)
(C:\Users\Hammad Hassan\AppData\Local\Programs\MiKTeX\tex/latex/epstopdf-pkg\ep
stopdf-base.sty
Package: epstopdf-base 2020-01-24 v2.11 Base part for package epstopdf
Package epstopdf-base Info: Redefining graphics rule for `.eps' on input line 4
85.

(C:\Users\Hammad Hassan\AppData\Local\Programs\MiKTeX\tex/latex/00miktex\epstop
df-sys.cfg
File: epstopdf-sys.cfg 2021/03/18 v2.0 Configuration of epstopdf for MiKTeX
))
<UETLogo.png, id=1, 1705.572pt x 1720.026pt>
File: UETLogo.png Graphic file (type png)
<use UETLogo.png>
Package pdftex.def Info: UETLogo.png  used on input line 14.
(pdftex.def)             Requested size: 119.40224pt x 120.41412pt.
LaTeX Font Info:    External font `cmex10' loaded for size
(Font)              <12> on input line 16.
LaTeX Font Info:    External font `cmex10' loaded for size
(Font)              <8> on input line 16.
LaTeX Font Info:    External font `cmex10' loaded for size
(Font)              <6> on input line 16.
 [1

{C:/Users/Hammad Hassan/AppData/Local/MiKTeX/fonts/map/pdftex/pdftex.map} <./UE
TLogo.png>] (MMS-Latex.toc [2

] [3])
\tf@toc=\write3
\openout3 = `MMS-Latex.toc'.

 [1]
Chapter 1.
[1

] [2] [3]
Chapter 2.
[4

]
Chapter 3.
[5

]
Chapter 4.
[6

]
Chapter 5.

Overfull \hbox (61.9913pt too wide) in paragraph at lines 133--189
[]
 []


Overfull \hbox (61.9913pt too wide) in paragraph at lines 133--189
[] 
 []

[7

]
Overfull \vbox (24.90988pt too high) has occurred while \output is active []


[8]
Overfull \hbox (61.9913pt too wide) in paragraph at lines 191--204
[] 
 []


Overfull \hbox (79.61612pt too wide) in paragraph at lines 205--245
[][] 
 []

[9]
Overfull \hbox (61.9913pt too wide) in paragraph at lines 247--266
[] 
 []

[10]
Overfull \hbox (61.9913pt too wide) in paragraph at lines 268--283
[] 
 []


Overfull \hbox (79.61612pt too wide) in paragraph at lines 285--318
[][] 
 []

[11]
Overfull \hbox (61.9913pt too wide) in paragraph at lines 320--369
[] 
 []

[12]
Overfull \hbox (61.9913pt too wide) in paragraph at lines 372--420
[] 
 []

[13]
Underfull \hbox (badness 1648) in paragraph at lines 432--432
[]|\OT1/cmr/m/n/12 UI In-ter-face in
 []

<./UIs for Latex Reports/UI-010 ViewAndDelete Products@1x.png, id=62, 933.4875p
t x 542.025pt>
File: ./UIs for Latex Reports/UI-010 ViewAndDelete Products@1x.png Graphic file
 (type png)
<use ./UIs for Latex Reports/UI-010 ViewAndDelete Products@1x.png>
Package pdftex.def Info: ./UIs for Latex Reports/UI-010 ViewAndDelete Products@
1x.png  used on input line 432.
(pdftex.def)             Requested size: 280.04842pt x 162.60875pt.

Overfull \hbox (61.9913pt too wide) in paragraph at lines 422--438
[] 
 []

[14] [15 <./UIs for Latex Reports/UI-010 ViewAndDelete Products@1x.png>]
Overfull \hbox (79.61612pt too wide) in paragraph at lines 438--474
[][] 
 []


Underfull \hbox (badness 1648) in paragraph at lines 486--486
[]|\OT1/cmr/m/n/12 UI In-ter-face in
 []

<./UIs for Latex Reports/UI-009 Update Product@1x.png, id=71, 933.4875pt x 542.
025pt>
File: ./UIs for Latex Reports/UI-009 Update Product@1x.png Graphic file (type p
ng)
<use ./UIs for Latex Reports/UI-009 Update Product@1x.png>
Package pdftex.def Info: ./UIs for Latex Reports/UI-009 Update Product@1x.png  
used on input line 486.
(pdftex.def)             Requested size: 280.04842pt x 162.60875pt.

Overfull \hbox (61.9913pt too wide) in paragraph at lines 476--524
[] 
 []

[16]
Overfull \vbox (92.72195pt too high) has occurred while \output is active []


[17 <./UIs for Latex Reports/UI-009 Update Product@1x.png>]
Underfull \hbox (badness 1648) in paragraph at lines 536--536
[]|\OT1/cmr/m/n/12 UI In-ter-face in
 []

<./UIs for Latex Reports/UI-020 AddRider@1x.png, id=79, 933.4875pt x 542.025pt>

File: ./UIs for Latex Reports/UI-020 AddRider@1x.png Graphic file (type png)
<use ./UIs for Latex Reports/UI-020 AddRider@1x.png>
Package pdftex.def Info: ./UIs for Latex Reports/UI-020 AddRider@1x.png  used o
n input line 536.
(pdftex.def)             Requested size: 280.04842pt x 162.60875pt.

Overfull \hbox (61.9913pt too wide) in paragraph at lines 526--557
[] 
 []


Underfull \hbox (badness 1648) in paragraph at lines 569--569
[]|\OT1/cmr/m/n/12 UI In-ter-face in
 []

<./UIs for Latex Reports/UI-021 UpdateRider@1x.png, id=80, 933.4875pt x 542.025
pt>
File: ./UIs for Latex Reports/UI-021 UpdateRider@1x.png Graphic file (type png)

<use ./UIs for Latex Reports/UI-021 UpdateRider@1x.png>
Package pdftex.def Info: ./UIs for Latex Reports/UI-021 UpdateRider@1x.png  use
d on input line 569.
(pdftex.def)             Requested size: 280.04842pt x 162.60875pt.

Overfull \hbox (61.9913pt too wide) in paragraph at lines 559--597
[] 
 []

[18 <./UIs for Latex Reports/UI-020 AddRider@1x.png>]
Underfull \hbox (badness 1648) in paragraph at lines 609--609
[]|\OT1/cmr/m/n/12 UI In-ter-face in
 []

<./UIs for Latex Reports/UI-011 Order Product@1x.png, id=85, 933.4875pt x 542.0
25pt>
File: ./UIs for Latex Reports/UI-011 Order Product@1x.png Graphic file (type pn
g)
<use ./UIs for Latex Reports/UI-011 Order Product@1x.png>
Package pdftex.def Info: ./UIs for Latex Reports/UI-011 Order Product@1x.png  u
sed on input line 610.
(pdftex.def)             Requested size: 280.04842pt x 162.60875pt.
<./UIs for Latex Reports/UI-012 Order Summery@1x.png, id=86, 933.4875pt x 542.0
25pt>
File: ./UIs for Latex Reports/UI-012 Order Summery@1x.png Graphic file (type pn
g)
<use ./UIs for Latex Reports/UI-012 Order Summery@1x.png>
Package pdftex.def Info: ./UIs for Latex Reports/UI-012 Order Summery@1x.png  u
sed on input line 611.
(pdftex.def)             Requested size: 280.04842pt x 162.60875pt.

Overfull \hbox (61.9913pt too wide) in paragraph at lines 599--617
[] 
 []

[19 <./UIs for Latex Reports/UI-021 UpdateRider@1x.png>] [20 <./UIs for Latex R
eports/UI-011 Order Product@1x.png> <./UIs for Latex Reports/UI-012 Order Summe
ry@1x.png>]
Overfull \hbox (79.61612pt too wide) in paragraph at lines 617--647
[][] 
 []


Underfull \hbox (badness 1648) in paragraph at lines 659--659
[]|\OT1/cmr/m/n/12 UI In-ter-face in
 []

<./UIs for Latex Reports/UI-013 SendEmail@1x.png, id=96, 933.4875pt x 542.025pt
>
File: ./UIs for Latex Reports/UI-013 SendEmail@1x.png Graphic file (type png)
<use ./UIs for Latex Reports/UI-013 SendEmail@1x.png>
Package pdftex.def Info: ./UIs for Latex Reports/UI-013 SendEmail@1x.png  used 
on input line 659.
(pdftex.def)             Requested size: 280.04842pt x 162.60875pt.

Overfull \hbox (61.9913pt too wide) in paragraph at lines 649--691
[] 
 []

[21]
Overfull \vbox (14.72195pt too high) has occurred while \output is active []


[22 <./UIs for Latex Reports/UI-013 SendEmail@1x.png>]
Underfull \hbox (badness 1648) in paragraph at lines 703--703
[]|\OT1/cmr/m/n/12 UI In-ter-face in
 []

<./UIs for Latex Reports/UI-014 AddWarehouse@1x.png, id=105, 933.4875pt x 542.0
25pt>
File: ./UIs for Latex Reports/UI-014 AddWarehouse@1x.png Graphic file (type png
)
<use ./UIs for Latex Reports/UI-014 AddWarehouse@1x.png>
Package pdftex.def Info: ./UIs for Latex Reports/UI-014 AddWarehouse@1x.png  us
ed on input line 703.
(pdftex.def)             Requested size: 280.04842pt x 162.60875pt.

Overfull \hbox (61.9913pt too wide) in paragraph at lines 693--733
[] 
 []


Underfull \hbox (badness 1648) in paragraph at lines 745--745
[]|\OT1/cmr/m/n/12 UI In-ter-face in
 []

<./UIs for Latex Reports/UI-016 ViewAndDelete Warehouse@1x.png, id=106, 933.487
5pt x 542.025pt>
File: ./UIs for Latex Reports/UI-016 ViewAndDelete Warehouse@1x.png Graphic fil
e (type png)
<use ./UIs for Latex Reports/UI-016 ViewAndDelete Warehouse@1x.png>
Package pdftex.def Info: ./UIs for Latex Reports/UI-016 ViewAndDelete Warehouse
@1x.png  used on input line 745.
(pdftex.def)             Requested size: 280.04842pt x 162.60875pt.

Overfull \hbox (61.9913pt too wide) in paragraph at lines 735--777
[] 
 []

[23 <./UIs for Latex Reports/UI-014 AddWarehouse@1x.png>]
Overfull \vbox (4.72195pt too high) has occurred while \output is active []


[24 <./UIs for Latex Reports/UI-016 ViewAndDelete Warehouse@1x.png>]
Underfull \hbox (badness 1648) in paragraph at lines 789--789
[]|\OT1/cmr/m/n/12 UI In-ter-face in
 []

<./UIs for Latex Reports/UI-015 EditWarehouse@1x.png, id=115, 933.4875pt x 542.
025pt>
File: ./UIs for Latex Reports/UI-015 EditWarehouse@1x.png Graphic file (type pn
g)
<use ./UIs for Latex Reports/UI-015 EditWarehouse@1x.png>
Package pdftex.def Info: ./UIs for Latex Reports/UI-015 EditWarehouse@1x.png  u
sed on input line 789.
(pdftex.def)             Requested size: 280.04842pt x 162.60875pt.

Overfull \hbox (61.9913pt too wide) in paragraph at lines 779--821
[] 
 []


Underfull \hbox (badness 1648) in paragraph at lines 833--833
[]|\OT1/cmr/m/n/12 UI In-ter-face in
 []

<./UIs for Latex Reports/UI-023 OrderStatus@1x.png, id=116, 933.4875pt x 542.02
5pt>
File: ./UIs for Latex Reports/UI-023 OrderStatus@1x.png Graphic file (type png)

<use ./UIs for Latex Reports/UI-023 OrderStatus@1x.png>
Package pdftex.def Info: ./UIs for Latex Reports/UI-023 OrderStatus@1x.png  use
d on input line 833.
(pdftex.def)             Requested size: 280.04842pt x 162.60875pt.

Overfull \hbox (61.9913pt too wide) in paragraph at lines 823--849
[] 
 []

[25 <./UIs for Latex Reports/UI-015 EditWarehouse@1x.png>]
Underfull \hbox (badness 1648) in paragraph at lines 861--861
[]|\OT1/cmr/m/n/12 UI In-ter-face in
 []

<./UIs for Latex Reports/UI-024 Route Finder@1x.png, id=121, 933.4875pt x 542.0
25pt>
File: ./UIs for Latex Reports/UI-024 Route Finder@1x.png Graphic file (type png
)
<use ./UIs for Latex Reports/UI-024 Route Finder@1x.png>
Package pdftex.def Info: ./UIs for Latex Reports/UI-024 Route Finder@1x.png  us
ed on input line 861.
(pdftex.def)             Requested size: 280.04842pt x 162.60875pt.

Overfull \hbox (61.9913pt too wide) in paragraph at lines 851--880
[] 
 []

[26 <./UIs for Latex Reports/UI-023 OrderStatus@1x.png>]
Underfull \hbox (badness 1648) in paragraph at lines 892--892
[]|\OT1/cmr/m/n/12 UI In-ter-face in
 []

<./UIs for Latex Reports/UI-025 Add ShopKeeper@1x.png, id=126, 933.4875pt x 542
.025pt>
File: ./UIs for Latex Reports/UI-025 Add ShopKeeper@1x.png Graphic file (type p
ng)
<use ./UIs for Latex Reports/UI-025 Add ShopKeeper@1x.png>
Package pdftex.def Info: ./UIs for Latex Reports/UI-025 Add ShopKeeper@1x.png  
used on input line 892.
(pdftex.def)             Requested size: 280.04842pt x 162.60875pt.

Overfull \hbox (61.9913pt too wide) in paragraph at lines 882--929
[] 
 []

[27 <./UIs for Latex Reports/UI-024 Route Finder@1x.png>]
Overfull \vbox (116.72195pt too high) has occurred while \output is active []


[28 <./UIs for Latex Reports/UI-025 Add ShopKeeper@1x.png>]
Underfull \hbox (badness 1648) in paragraph at lines 941--941
[]|\OT1/cmr/m/n/12 UI In-ter-face in
 []

<./UIs for Latex Reports/UI-026 Add Payment@1x.png, id=136, 933.4875pt x 542.02
5pt>
File: ./UIs for Latex Reports/UI-026 Add Payment@1x.png Graphic file (type png)

<use ./UIs for Latex Reports/UI-026 Add Payment@1x.png>
Package pdftex.def Info: ./UIs for Latex Reports/UI-026 Add Payment@1x.png  use
d on input line 941.
(pdftex.def)             Requested size: 280.04842pt x 162.60875pt.

Overfull \hbox (61.9913pt too wide) in paragraph at lines 931--945
[] 
 []

[29 <./UIs for Latex Reports/UI-026 Add Payment@1x.png>]
Overfull \hbox (79.61612pt too wide) in paragraph at lines 945--979
[][] 
 []


Underfull \hbox (badness 1648) in paragraph at lines 991--991
[]|\OT1/cmr/m/n/12 UI In-ter-face in
 []

<./UIs for Latex Reports/UI-027 Add Withdraw Expenses@1x.png, id=141, 933.4875p
t x 542.025pt>
File: ./UIs for Latex Reports/UI-027 Add Withdraw Expenses@1x.png Graphic file 
(type png)
<use ./UIs for Latex Reports/UI-027 Add Withdraw Expenses@1x.png>
Package pdftex.def Info: ./UIs for Latex Reports/UI-027 Add Withdraw Expenses@1
x.png  used on input line 991.
(pdftex.def)             Requested size: 280.04842pt x 162.60875pt.

Overfull \hbox (61.9913pt too wide) in paragraph at lines 981--995
[] 
 []

[30] [31 <./UIs for Latex Reports/UI-027 Add Withdraw Expenses@1x.png>]
Overfull \hbox (79.61612pt too wide) in paragraph at lines 995--1029
[][] 
 []


Underfull \hbox (badness 1648) in paragraph at lines 1042--1042
[]|\OT1/cmr/m/n/12 UI In-ter-face in
 []

<./UIs for Latex Reports/UI-004 Create Account@1x.png, id=149, 933.4875pt x 542
.025pt>
File: ./UIs for Latex Reports/UI-004 Create Account@1x.png Graphic file (type p
ng)
<use ./UIs for Latex Reports/UI-004 Create Account@1x.png>
Package pdftex.def Info: ./UIs for Latex Reports/UI-004 Create Account@1x.png  
used on input line 1042.
(pdftex.def)             Requested size: 280.04842pt x 162.60875pt.

Overfull \hbox (61.9913pt too wide) in paragraph at lines 1032--1062
[] 
 []

[32] [33 <./UIs for Latex Reports/UI-004 Create Account@1x.png>]
Chapter 6.

Underfull \hbox (badness 1648) in paragraph at lines 1074--1074
[]|\OT1/cmr/m/n/12 UI In-ter-face in
 []

<./UIs for Latex Reports/UI-001 Intro@1x.png, id=158, 933.4875pt x 543.02875pt>

File: ./UIs for Latex Reports/UI-001 Intro@1x.png Graphic file (type png)
<use ./UIs for Latex Reports/UI-001 Intro@1x.png>
Package pdftex.def Info: ./UIs for Latex Reports/UI-001 Intro@1x.png  used on i
nput line 1074.
(pdftex.def)             Requested size: 280.04842pt x 162.90987pt.

Overfull \hbox (61.9913pt too wide) in paragraph at lines 1066--1077
[] 
 []


Underfull \hbox (badness 1648) in paragraph at lines 1087--1087
[]|\OT1/cmr/m/n/12 UI In-ter-face in
 []

<./UIs for Latex Reports/UI-002 Login@1x.png, id=159, 933.4875pt x 542.025pt>
File: ./UIs for Latex Reports/UI-002 Login@1x.png Graphic file (type png)
<use ./UIs for Latex Reports/UI-002 Login@1x.png>
Package pdftex.def Info: ./UIs for Latex Reports/UI-002 Login@1x.png  used on i
nput line 1087.
(pdftex.def)             Requested size: 280.04842pt x 162.60875pt.

Overfull \hbox (61.9913pt too wide) in paragraph at lines 1079--1099
[] 
 []

[34

 <./UIs for Latex Reports/UI-001 Intro@1x.png>]
Underfull \hbox (badness 1648) in paragraph at lines 1109--1109
[]|\OT1/cmr/m/n/12 UI In-ter-face in
 []

<./UIs for Latex Reports/UI-003 Forgot password@1x.png, id=164, 933.4875pt x 54
2.025pt>
File: ./UIs for Latex Reports/UI-003 Forgot password@1x.png Graphic file (type 
png)
<use ./UIs for Latex Reports/UI-003 Forgot password@1x.png>
Package pdftex.def Info: ./UIs for Latex Reports/UI-003 Forgot password@1x.png 
 used on input line 1109.
(pdftex.def)             Requested size: 280.04842pt x 162.60875pt.

Overfull \hbox (61.9913pt too wide) in paragraph at lines 1101--1121
[] 
 []

[35 <./UIs for Latex Reports/UI-002 Login@1x.png>]
Underfull \hbox (badness 1648) in paragraph at lines 1131--1131
[]|\OT1/cmr/m/n/12 UI In-ter-face in
 []

File: ./UIs for Latex Reports/UI-004 Create Account@1x.png Graphic file (type p
ng)
<use ./UIs for Latex Reports/UI-004 Create Account@1x.png>
Package pdftex.def Info: ./UIs for Latex Reports/UI-004 Create Account@1x.png  
used on input line 1131.
(pdftex.def)             Requested size: 280.04842pt x 162.60875pt.

Overfull \hbox (61.9913pt too wide) in paragraph at lines 1123--1147
[] 
 []

[36 <./UIs for Latex Reports/UI-003 Forgot password@1x.png>]
Underfull \hbox (badness 1648) in paragraph at lines 1158--1158
[]|\OT1/cmr/m/n/12 UI In-ter-face in
 []

<./UIs for Latex Reports/UI-005 Update Account@1x.png, id=173, 933.4875pt x 542
.025pt>
File: ./UIs for Latex Reports/UI-005 Update Account@1x.png Graphic file (type p
ng)
<use ./UIs for Latex Reports/UI-005 Update Account@1x.png>
Package pdftex.def Info: ./UIs for Latex Reports/UI-005 Update Account@1x.png  
used on input line 1158.
(pdftex.def)             Requested size: 280.04842pt x 162.60875pt.

Overfull \hbox (61.9913pt too wide) in paragraph at lines 1150--1174
[] 
 []

[37]
Underfull \hbox (badness 1648) in paragraph at lines 1184--1184
[]|\OT1/cmr/m/n/12 UI In-ter-face in
 []

<./UIs for Latex Reports/UI-006 ViewsAndDelete Account@1x.png, id=177, 933.4875
pt x 542.025pt>
File: ./UIs for Latex Reports/UI-006 ViewsAndDelete Account@1x.png Graphic file
 (type png)
<use ./UIs for Latex Reports/UI-006 ViewsAndDelete Account@1x.png>
Package pdftex.def Info: ./UIs for Latex Reports/UI-006 ViewsAndDelete Account@
1x.png  used on input line 1184.
(pdftex.def)             Requested size: 280.04842pt x 162.60875pt.

Overfull \hbox (61.9913pt too wide) in paragraph at lines 1176--1197
[] 
 []

[38 <./UIs for Latex Reports/UI-005 Update Account@1x.png>]
Underfull \hbox (badness 1648) in paragraph at lines 1207--1207
[]|\OT1/cmr/m/n/12 UI In-ter-face in
 []

<./UIs for Latex Reports/UI-007 CEO Dashboard@1x.png, id=182, 933.4875pt x 542.
025pt>
File: ./UIs for Latex Reports/UI-007 CEO Dashboard@1x.png Graphic file (type pn
g)
<use ./UIs for Latex Reports/UI-007 CEO Dashboard@1x.png>
Package pdftex.def Info: ./UIs for Latex Reports/UI-007 CEO Dashboard@1x.png  u
sed on input line 1207.
(pdftex.def)             Requested size: 280.04842pt x 162.60875pt.

Overfull \hbox (61.9913pt too wide) in paragraph at lines 1199--1211
[] 
 []

[39 <./UIs for Latex Reports/UI-006 ViewsAndDelete Account@1x.png>]
Underfull \hbox (badness 1648) in paragraph at lines 1221--1221
[]|\OT1/cmr/m/n/12 UI In-ter-face in
 []

<./UIs for Latex Reports/UI-008 Add Product@1x.png, id=188, 933.4875pt x 542.02
5pt>
File: ./UIs for Latex Reports/UI-008 Add Product@1x.png Graphic file (type png)

<use ./UIs for Latex Reports/UI-008 Add Product@1x.png>
Package pdftex.def Info: ./UIs for Latex Reports/UI-008 Add Product@1x.png  use
d on input line 1221.
(pdftex.def)             Requested size: 280.04842pt x 162.60875pt.

Overfull \hbox (61.9913pt too wide) in paragraph at lines 1213--1240
[] 
 []

[40 <./UIs for Latex Reports/UI-007 CEO Dashboard@1x.png>]
Underfull \hbox (badness 1648) in paragraph at lines 1250--1250
[]|\OT1/cmr/m/n/12 UI In-ter-face in
 []

File: ./UIs for Latex Reports/UI-009 Update Product@1x.png Graphic file (type p
ng)
<use ./UIs for Latex Reports/UI-009 Update Product@1x.png>
Package pdftex.def Info: ./UIs for Latex Reports/UI-009 Update Product@1x.png  
used on input line 1250.
(pdftex.def)             Requested size: 280.04842pt x 162.60875pt.

Overfull \hbox (61.9913pt too wide) in paragraph at lines 1242--1269
[] 
 []

[41 <./UIs for Latex Reports/UI-008 Add Product@1x.png>]
Underfull \hbox (badness 1648) in paragraph at lines 1279--1279
[]|\OT1/cmr/m/n/12 UI In-ter-face in
 []

File: ./UIs for Latex Reports/UI-010 ViewAndDelete Products@1x.png Graphic file
 (type png)
<use ./UIs for Latex Reports/UI-010 ViewAndDelete Products@1x.png>
Package pdftex.def Info: ./UIs for Latex Reports/UI-010 ViewAndDelete Products@
1x.png  used on input line 1279.
(pdftex.def)             Requested size: 280.04842pt x 162.60875pt.

Overfull \hbox (61.9913pt too wide) in paragraph at lines 1271--1292
[] 
 []

[42]
Underfull \hbox (badness 1648) in paragraph at lines 1302--1302
[]|\OT1/cmr/m/n/12 UI In-ter-face in
 []

File: ./UIs for Latex Reports/UI-011 Order Product@1x.png Graphic file (type pn
g)
<use ./UIs for Latex Reports/UI-011 Order Product@1x.png>
Package pdftex.def Info: ./UIs for Latex Reports/UI-011 Order Product@1x.png  u
sed on input line 1302.
(pdftex.def)             Requested size: 280.04842pt x 162.60875pt.

Overfull \hbox (61.9913pt too wide) in paragraph at lines 1294--1316
[] 
 []

[43]
Underfull \hbox (badness 1648) in paragraph at lines 1326--1326
[]|\OT1/cmr/m/n/12 UI In-ter-face in
 []

File: ./UIs for Latex Reports/UI-012 Order Summery@1x.png Graphic file (type pn
g)
<use ./UIs for Latex Reports/UI-012 Order Summery@1x.png>
Package pdftex.def Info: ./UIs for Latex Reports/UI-012 Order Summery@1x.png  u
sed on input line 1326.
(pdftex.def)             Requested size: 280.04842pt x 162.60875pt.

Overfull \hbox (61.9913pt too wide) in paragraph at lines 1318--1341
[] 
 []

[44]
Underfull \hbox (badness 1648) in paragraph at lines 1351--1351
[]|\OT1/cmr/m/n/12 UI In-ter-face in
 []

File: ./UIs for Latex Reports/UI-013 SendEmail@1x.png Graphic file (type png)
<use ./UIs for Latex Reports/UI-013 SendEmail@1x.png>
Package pdftex.def Info: ./UIs for Latex Reports/UI-013 SendEmail@1x.png  used 
on input line 1351.
(pdftex.def)             Requested size: 280.04842pt x 162.60875pt.

Overfull \hbox (61.9913pt too wide) in paragraph at lines 1343--1364
[] 
 []

[45]
Underfull \hbox (badness 1648) in paragraph at lines 1374--1374
[]|\OT1/cmr/m/n/12 UI In-ter-face in
 []

File: ./UIs for Latex Reports/UI-014 AddWarehouse@1x.png Graphic file (type png
)
<use ./UIs for Latex Reports/UI-014 AddWarehouse@1x.png>
Package pdftex.def Info: ./UIs for Latex Reports/UI-014 AddWarehouse@1x.png  us
ed on input line 1374.
(pdftex.def)             Requested size: 280.04842pt x 162.60875pt.

Overfull \hbox (61.9913pt too wide) in paragraph at lines 1366--1387
[] 
 []

[46]
Underfull \hbox (badness 1648) in paragraph at lines 1397--1397
[]|\OT1/cmr/m/n/12 UI In-ter-face in
 []

File: ./UIs for Latex Reports/UI-015 EditWarehouse@1x.png Graphic file (type pn
g)
<use ./UIs for Latex Reports/UI-015 EditWarehouse@1x.png>
Package pdftex.def Info: ./UIs for Latex Reports/UI-015 EditWarehouse@1x.png  u
sed on input line 1397.
(pdftex.def)             Requested size: 280.04842pt x 162.60875pt.

Overfull \hbox (61.9913pt too wide) in paragraph at lines 1389--1410
[] 
 []

[47]
Underfull \hbox (badness 1648) in paragraph at lines 1420--1420
[]|\OT1/cmr/m/n/12 UI In-ter-face in
 []

File: ./UIs for Latex Reports/UI-016 ViewAndDelete Warehouse@1x.png Graphic fil
e (type png)
<use ./UIs for Latex Reports/UI-016 ViewAndDelete Warehouse@1x.png>
Package pdftex.def Info: ./UIs for Latex Reports/UI-016 ViewAndDelete Warehouse
@1x.png  used on input line 1420.
(pdftex.def)             Requested size: 280.04842pt x 162.60875pt.

Overfull \hbox (61.9913pt too wide) in paragraph at lines 1412--1433
[] 
 []

[48]
Underfull \hbox (badness 1648) in paragraph at lines 1443--1443
[]|\OT1/cmr/m/n/12 UI In-ter-face in
 []

<./UIs for Latex Reports/UI-017 Warehouse Manager Dashboard@1x.png, id=219, 933
.4875pt x 542.025pt>
File: ./UIs for Latex Reports/UI-017 Warehouse Manager Dashboard@1x.png Graphic
 file (type png)
<use ./UIs for Latex Reports/UI-017 Warehouse Manager Dashboard@1x.png>
Package pdftex.def Info: ./UIs for Latex Reports/UI-017 Warehouse Manager Dashb
oard@1x.png  used on input line 1443.
(pdftex.def)             Requested size: 280.04842pt x 162.60875pt.

Overfull \hbox (61.9913pt too wide) in paragraph at lines 1435--1448
[] 
 []

[49]
Underfull \hbox (badness 1648) in paragraph at lines 1458--1458
[]|\OT1/cmr/m/n/12 UI In-ter-face in
 []

<./UIs for Latex Reports/UI-018 Employee Dashboard@1x.png, id=223, 933.4875pt x
 542.025pt>
File: ./UIs for Latex Reports/UI-018 Employee Dashboard@1x.png Graphic file (ty
pe png)
<use ./UIs for Latex Reports/UI-018 Employee Dashboard@1x.png>
Package pdftex.def Info: ./UIs for Latex Reports/UI-018 Employee Dashboard@1x.p
ng  used on input line 1458.
(pdftex.def)             Requested size: 280.04842pt x 162.60875pt.

Overfull \hbox (61.9913pt too wide) in paragraph at lines 1450--1462
[] 
 []


Underfull \hbox (badness 1648) in paragraph at lines 1472--1472
[]|\OT1/cmr/m/n/12 UI In-ter-face in
 []

<./UIs for Latex Reports/UI-019 Rider Dashboard@1x.png, id=224, 933.4875pt x 54
2.025pt>
File: ./UIs for Latex Reports/UI-019 Rider Dashboard@1x.png Graphic file (type 
png)
<use ./UIs for Latex Reports/UI-019 Rider Dashboard@1x.png>
Package pdftex.def Info: ./UIs for Latex Reports/UI-019 Rider Dashboard@1x.png 
 used on input line 1472.
(pdftex.def)             Requested size: 280.04842pt x 162.60875pt.

Overfull \hbox (61.9913pt too wide) in paragraph at lines 1464--1476
[] 
 []

[50 <./UIs for Latex Reports/UI-017 Warehouse Manager Dashboard@1x.png> <./UIs 
for Latex Reports/UI-018 Employee Dashboard@1x.png>]
Underfull \hbox (badness 1648) in paragraph at lines 1486--1486
[]|\OT1/cmr/m/n/12 UI In-ter-face in
 []

File: ./UIs for Latex Reports/UI-020 AddRider@1x.png Graphic file (type png)
<use ./UIs for Latex Reports/UI-020 AddRider@1x.png>
Package pdftex.def Info: ./UIs for Latex Reports/UI-020 AddRider@1x.png  used o
n input line 1486.
(pdftex.def)             Requested size: 280.04842pt x 162.60875pt.

Overfull \hbox (61.9913pt too wide) in paragraph at lines 1478--1504
[] 
 []

[51 <./UIs for Latex Reports/UI-019 Rider Dashboard@1x.png>]
Underfull \hbox (badness 1648) in paragraph at lines 1514--1514
[]|\OT1/cmr/m/n/12 UI In-ter-face in
 []

File: ./UIs for Latex Reports/UI-021 UpdateRider@1x.png Graphic file (type png)

<use ./UIs for Latex Reports/UI-021 UpdateRider@1x.png>
Package pdftex.def Info: ./UIs for Latex Reports/UI-021 UpdateRider@1x.png  use
d on input line 1514.
(pdftex.def)             Requested size: 280.04842pt x 162.60875pt.

Overfull \hbox (61.9913pt too wide) in paragraph at lines 1506--1533
[] 
 []

[52]
Underfull \hbox (badness 1648) in paragraph at lines 1543--1543
[]|\OT1/cmr/m/n/12 UI In-ter-face in
 []

File: ./UIs for Latex Reports/UI-023 OrderStatus@1x.png Graphic file (type png)

<use ./UIs for Latex Reports/UI-023 OrderStatus@1x.png>
Package pdftex.def Info: ./UIs for Latex Reports/UI-023 OrderStatus@1x.png  use
d on input line 1543.
(pdftex.def)             Requested size: 280.04842pt x 162.60875pt.

Overfull \hbox (61.9913pt too wide) in paragraph at lines 1535--1547
[] 
 []

[53]
Underfull \hbox (badness 1648) in paragraph at lines 1557--1557
[]|\OT1/cmr/m/n/12 UI In-ter-face in
 []

File: ./UIs for Latex Reports/UI-024 Route Finder@1x.png Graphic file (type png
)
<use ./UIs for Latex Reports/UI-024 Route Finder@1x.png>
Package pdftex.def Info: ./UIs for Latex Reports/UI-024 Route Finder@1x.png  us
ed on input line 1557.
(pdftex.def)             Requested size: 280.04842pt x 162.60875pt.

Overfull \hbox (61.9913pt too wide) in paragraph at lines 1549--1570
[] 
 []

[54]
Underfull \hbox (badness 1648) in paragraph at lines 1580--1580
[]|\OT1/cmr/m/n/12 UI In-ter-face in
 []

File: ./UIs for Latex Reports/UI-025 Add ShopKeeper@1x.png Graphic file (type p
ng)
<use ./UIs for Latex Reports/UI-025 Add ShopKeeper@1x.png>
Package pdftex.def Info: ./UIs for Latex Reports/UI-025 Add ShopKeeper@1x.png  
used on input line 1580.
(pdftex.def)             Requested size: 280.04842pt x 162.60875pt.

Overfull \hbox (61.9913pt too wide) in paragraph at lines 1572--1595
[] 
 []

[55]
Underfull \hbox (badness 1648) in paragraph at lines 1605--1605
[]|\OT1/cmr/m/n/12 UI In-ter-face in
 []

File: ./UIs for Latex Reports/UI-026 Add Payment@1x.png Graphic file (type png)

<use ./UIs for Latex Reports/UI-026 Add Payment@1x.png>
Package pdftex.def Info: ./UIs for Latex Reports/UI-026 Add Payment@1x.png  use
d on input line 1605.
(pdftex.def)             Requested size: 280.04842pt x 162.60875pt.

Overfull \hbox (61.9913pt too wide) in paragraph at lines 1597--1619
[] 
 []

[56]
Underfull \hbox (badness 1648) in paragraph at lines 1629--1629
[]|\OT1/cmr/m/n/12 UI In-ter-face in
 []

File: ./UIs for Latex Reports/UI-027 Add Withdraw Expenses@1x.png Graphic file 
(type png)
<use ./UIs for Latex Reports/UI-027 Add Withdraw Expenses@1x.png>
Package pdftex.def Info: ./UIs for Latex Reports/UI-027 Add Withdraw Expenses@1
x.png  used on input line 1629.
(pdftex.def)             Requested size: 280.04842pt x 162.60875pt.

Overfull \hbox (61.9913pt too wide) in paragraph at lines 1621--1643
[] 
 []

[57] [58]
Chapter 7.

Underfull \hbox (badness 10000) in paragraph at lines 1648--1648
[]|\OT1/cmr/bx/n/12 Text
 []


Underfull \hbox (badness 10000) in paragraph at lines 1648--1648
[]|\OT1/cmr/bx/n/12 Drop
 []


Overfull \hbox (12.51953pt too wide) in paragraph at lines 1648--1648
[]|\OT1/cmr/bx/n/12 Password
 []


Overfull \hbox (3.78334pt too wide) in paragraph at lines 1648--1648
[]|\OT1/cmr/bx/n/12 Table| 
 []


Underfull \hbox (badness 10000) in paragraph at lines 1648--1648
[]|\OT1/cmr/bx/n/12 Date
 []


Overfull \hbox (4.49312pt too wide) in paragraph at lines 1648--1648
[]|\OT1/cmr/bx/n/12 Buttons| 
 []

[59

]
Overfull \vbox (2.19942pt too high) has occurred while \output is active []


[60]
Underfull \hbox (badness 10000) in paragraph at lines 1683--1683
\OT1/cmr/bx/n/12 Com-
 []


Underfull \hbox (badness 10000) in paragraph at lines 1683--1683
[]|\OT1/cmr/bx/n/12 Check
 []


Overfull \hbox (5.13754pt too wide) in paragraph at lines 1683--1683
[]|\OT1/cmr/bx/n/12 Menu| 
 []


Underfull \hbox (badness 10000) in paragraph at lines 1683--1683
[]|\OT1/cmr/bx/n/12 Text
 []


Overfull \hbox (7.88065pt too wide) in paragraph at lines 1683--1683
[]|\OT1/cmr/bx/n/12 Progress
 []

[61]
Chapter 8.

Underfull \hbox (badness 10000) in paragraph at lines 1720--1720
[]|\OT1/cmr/bx/n/12 Is Ab-stract
 []


Underfull \hbox (badness 10000) in paragraph at lines 1746--1746
[]| \OT1/cmr/bx/n/12 Is Sin-gle-ton
 []


Underfull \hbox (badness 2799) in paragraph at lines 1746--1746
\OT1/cmr/bx/n/12 parametrized con-
 []

[62

] [63]
Chapter 9.
[64

] [65]
Chapter 10.
<./UIs for Latex Reports/UML.jpg, id=279, 542.77782pt x 464.4853pt>
File: ./UIs for Latex Reports/UML.jpg Graphic file (type jpg)
<use ./UIs for Latex Reports/UML.jpg>
Package pdftex.def Info: ./UIs for Latex Reports/UML.jpg  used on input line 18
17.
(pdftex.def)             Requested size: 434.22284pt x 371.58875pt.

Overfull \hbox (44.22284pt too wide) in paragraph at lines 1817--1818
 [][] 
 []

[66

] [67 <./UIs for Latex Reports/UML.jpg>]
Chapter 11.

Underfull \hbox (badness 10000) in paragraph at lines 1824--1824
[]|\OT1/cmr/bx/n/12 Data Struc-
 []


Underfull \hbox (badness 2409) in paragraph at lines 1826--1826
[]|\OT1/cmr/m/n/12 In the U04 (Ac-count De-tails), Grid of the
 []


Overfull \hbox (45.93854pt too wide) in paragraph at lines 1823--1852
[]
 []


Overfull \hbox (45.93854pt too wide) in paragraph at lines 1823--1852
[] 
 []

[68

]
Overfull \vbox (54.19974pt too high) has occurred while \output is active []


[69] [70]
Chapter 12.

Underfull \hbox (badness 10000) in paragraph at lines 1856--1856
[]|\OT1/cmr/bx/n/12 Type of
 []


Underfull \hbox (badness 10000) in paragraph at lines 1856--1856
\OT1/cmr/bx/n/12 Ex-cep-
 []


Underfull \hbox (badness 2521) in paragraph at lines 1856--1856
\OT1/cmr/bx/n/12 in which ex-
 []


Underfull \hbox (badness 2351) in paragraph at lines 1856--1856
\OT1/cmr/bx/n/12 cep-tion could
 []


Underfull \hbox (badness 10000) in paragraph at lines 1857--1857
[]|\OT1/cmr/m/n/12 Incorrect
 []


Underfull \hbox (badness 10000) in paragraph at lines 1857--1857
[]|\OT1/cmr/m/n/12 Restrict the user
 []


Underfull \hbox (badness 10000) in paragraph at lines 1858--1858
[]|\OT1/cmr/m/n/12 File not
 []


Underfull \hbox (badness 10000) in paragraph at lines 1860--1860
[]|\OT1/cmr/m/n/12 Incorrect
 []


Overfull \hbox (60.73853pt too wide) in paragraph at lines 1855--1864
[] 
 []

[71

]
Chapter 13.
[72

] [73]
Chapter 14.
[74

]
Chapter 15.

Underfull \hbox (badness 10000) in paragraph at lines 1923--1923
[]|\OT1/cmr/bx/n/12 Estimated
 []


Underfull \hbox (badness 10000) in paragraph at lines 1923--1923
\OT1/cmr/bx/n/12 Com-ple-tion
 []

[75

]
Chapter 16.
[76

] (MMS-Latex.aux) ) 
Here is how much of TeX's memory you used:
 1660 strings out of 475284
 35419 string characters out of 2770292
 404866 words of memory out of 3000000
 23139 multiletter control sequences out of 15000+600000
 474158 words of font info for 44 fonts, out of 8000000 for 9000
 1141 hyphenation exceptions out of 8191
 55i,13n,62p,763b,264s stack positions out of 10000i,1000n,20000p,200000b,80000s
 <C:\Users\Hammad Hassan\AppData\Local\MiKTeX\fonts/pk/ljfou
r/jknappen/ec/dpi600\tcrm1200.pk><C:/Users/Hammad Hassan/AppData/Local/Programs
/MiKTeX/fonts/type1/public/amsfonts/cm/cmbx12.pfb><C:/Users/Hammad Hassan/AppDa
ta/Local/Programs/MiKTeX/fonts/type1/public/amsfonts/cm/cmmi12.pfb><C:/Users/Ha
mmad Hassan/AppData/Local/Programs/MiKTeX/fonts/type1/public/amsfonts/cm/cmr12.
pfb>
Output written on MMS-Latex.pdf (80 pages, 612904 bytes).
PDF statistics:
 336 PDF objects out of 1000 (max. 8388607)
 0 named destinations out of 1000 (max. 500000)
 141 words of extra memory for PDF output out of 10000 (max. 10000000)

