This is pdfTeX, Version 3.141592653-2.6-1.40.24 (MiKTeX 22.11.25) (preloaded format=pdflatex 2022.11.26)  12 DEC 2022 07:20
entering extended mode
 restricted \write18 enabled.
 %&-line parsing enabled.
**"./MMS-Data Strucutue.tex"
(MMS-Data Strucutue.tex
LaTeX2e <2022-11-01>
L3 programming layer <2022-11-02>
(C:\Users\Hammad Hassan\AppData\Local\Programs\MiKTeX\tex/latex/base\report.cls
Document Class: report 2022/07/02 v1.4n Standard LaTeX document class

(C:\Users\Hammad Hassan\AppData\Local\Programs\MiKTeX\tex/latex/base\size12.clo
File: size12.clo 2022/07/02 v1.4n Standard LaTeX file (size option)
)
\c@part=\count185
\c@chapter=\count186
\c@section=\count187
\c@subsection=\count188
\c@subsubsection=\count189
\c@paragraph=\count190
\c@subparagraph=\count191
\c@figure=\count192
\c@table=\count193
\abovecaptionskip=\skip47
\belowcaptionskip=\skip48
\bibindent=\dimen140
)
(C:\Users\Hammad Hassan\AppData\Local\Programs\MiKTeX\tex/latex/graphics\graphi
cx.sty
Package: graphicx 2021/09/16 v1.2d Enhanced LaTeX Graphics (DPC,SPQR)

(C:\Users\Hammad Hassan\AppData\Local\Programs\MiKTeX\tex/latex/graphics\keyval
.sty
Package: keyval 2022/05/29 v1.15 key=value parser (DPC)
\KV@toks@=\toks16
)
(C:\Users\Hammad Hassan\AppData\Local\Programs\MiKTeX\tex/latex/graphics\graphi
cs.sty
Package: graphics 2022/03/10 v1.4e Standard LaTeX Graphics (DPC,SPQR)

(C:\Users\Hammad Hassan\AppData\Local\Programs\MiKTeX\tex/latex/graphics\trig.s
ty
Package: trig 2021/08/11 v1.11 sin cos tan (DPC)
)
(C:\Users\Hammad Hassan\AppData\Local\Programs\MiKTeX\tex/latex/graphics-cfg\gr
aphics.cfg
File: graphics.cfg 2016/06/04 v1.11 sample graphics configuration
)
Package graphics Info: Driver file: pdftex.def on input line 107.

(C:\Users\Hammad Hassan\AppData\Local\Programs\MiKTeX\tex/latex/graphics-def\pd
ftex.def
File: pdftex.def 2022/09/22 v1.2b Graphics/color driver for pdftex
))
\Gin@req@height=\dimen141
\Gin@req@width=\dimen142
)
(C:\Users\Hammad Hassan\AppData\Local\Programs\MiKTeX\tex/latex/tools\tabularx.
sty
Package: tabularx 2020/01/15 v2.11c `tabularx' package (DPC)

(C:\Users\Hammad Hassan\AppData\Local\Programs\MiKTeX\tex/latex/tools\array.sty
Package: array 2022/03/10 v2.5f Tabular extension package (FMi)
\col@sep=\dimen143
\ar@mcellbox=\box51
\extrarowheight=\dimen144
\NC@list=\toks17
\extratabsurround=\skip49
\backup@length=\skip50
\ar@cellbox=\box52
)
\TX@col@width=\dimen145
\TX@old@table=\dimen146
\TX@old@col=\dimen147
\TX@target=\dimen148
\TX@delta=\dimen149
\TX@cols=\count194
\TX@ftn=\toks18
)
(C:\Users\Hammad Hassan\AppData\Local\Programs\MiKTeX\tex/latex/l3backend\l3bac
kend-pdftex.def
File: l3backend-pdftex.def 2022-10-26 L3 backend support: PDF output (pdfTeX)
\l__color_backend_stack_int=\count195
\l__pdf_internal_box=\box53
) (MMS-Data Strucutue.aux)
\openout1 = `"MMS-Data Strucutue.aux"'.

LaTeX Font Info:    Checking defaults for OML/cmm/m/it on input line 6.
LaTeX Font Info:    ... okay on input line 6.
LaTeX Font Info:    Checking defaults for OMS/cmsy/m/n on input line 6.
LaTeX Font Info:    ... okay on input line 6.
LaTeX Font Info:    Checking defaults for OT1/cmr/m/n on input line 6.
LaTeX Font Info:    ... okay on input line 6.
LaTeX Font Info:    Checking defaults for T1/cmr/m/n on input line 6.
LaTeX Font Info:    ... okay on input line 6.
LaTeX Font Info:    Checking defaults for TS1/cmr/m/n on input line 6.
LaTeX Font Info:    ... okay on input line 6.
LaTeX Font Info:    Checking defaults for OMX/cmex/m/n on input line 6.
LaTeX Font Info:    ... okay on input line 6.
LaTeX Font Info:    Checking defaults for U/cmr/m/n on input line 6.
LaTeX Font Info:    ... okay on input line 6.

(C:\Users\Hammad Hassan\AppData\Local\Programs\MiKTeX\tex/context/base/mkii\sup
p-pdf.mkii
[Loading MPS to PDF converter (version 2006.09.02).]
\scratchcounter=\count196
\scratchdimen=\dimen150
\scratchbox=\box54
\nofMPsegments=\count197
\nofMParguments=\count198
\everyMPshowfont=\toks19
\MPscratchCnt=\count199
\MPscratchDim=\dimen151
\MPnumerator=\count266
\makeMPintoPDFobject=\count267
\everyMPtoPDFconversion=\toks20
)
(C:\Users\Hammad Hassan\AppData\Local\Programs\MiKTeX\tex/latex/epstopdf-pkg\ep
stopdf-base.sty
Package: epstopdf-base 2020-01-24 v2.11 Base part for package epstopdf
Package epstopdf-base Info: Redefining graphics rule for `.eps' on input line 4
85.

(C:\Users\Hammad Hassan\AppData\Local\Programs\MiKTeX\tex/latex/00miktex\epstop
df-sys.cfg
File: epstopdf-sys.cfg 2021/03/18 v2.0 Configuration of epstopdf for MiKTeX
))
<UETLogo.png, id=1, 1705.572pt x 1720.026pt>
File: UETLogo.png Graphic file (type png)
<use UETLogo.png>
Package pdftex.def Info: UETLogo.png  used on input line 14.
(pdftex.def)             Requested size: 119.40224pt x 120.41412pt.
LaTeX Font Info:    External font `cmex10' loaded for size
(Font)              <12> on input line 16.
LaTeX Font Info:    External font `cmex10' loaded for size
(Font)              <8> on input line 16.
LaTeX Font Info:    External font `cmex10' loaded for size
(Font)              <6> on input line 16.
 [1

{C:/Users/Hammad Hassan/AppData/Local/MiKTeX/fonts/map/pdftex/pdftex.map} <./UE
TLogo.png>]
Underfull \hbox (badness 10000) in paragraph at lines 42--43
[]|\OT1/cmr/m/n/12 U01,U02,U03,U04,U05,U06,U07,U08,U09,U010,U11,U12,U13,U14,
 []


Underfull \hbox (badness 10000) in paragraph at lines 44--44
[]|\OT1/cmr/bx/n/12 Data Struc-ture
 []


Overfull \hbox (90.44406pt too wide) in paragraph at lines 41--50
 [] 
 []


Overfull \hbox (90.44406pt too wide) in paragraph at lines 51--62
 [][] 
 []


Underfull \hbox (badness 10000) in paragraph at lines 65--65
[]|\OT1/cmr/bx/n/12 Data Struc-ture
 []


Overfull \hbox (90.44406pt too wide) in paragraph at lines 63--83
 [][] 
 []


Overfull \hbox (90.44406pt too wide) in paragraph at lines 63--83
 [] 
 []

[2

]
Underfull \hbox (badness 10000) in paragraph at lines 86--86
[]|\OT1/cmr/bx/n/12 Data Struc-ture
 []


Overfull \hbox (90.44406pt too wide) in paragraph at lines 84--107
 [][] 
 []


Overfull \hbox (90.44406pt too wide) in paragraph at lines 84--107
 [] 
 []

[3]
Underfull \hbox (badness 10000) in paragraph at lines 111--111
[]|\OT1/cmr/bx/n/12 Data Struc-ture
 []


Overfull \hbox (90.44406pt too wide) in paragraph at lines 109--132
 [][] 
 []


Overfull \hbox (90.44406pt too wide) in paragraph at lines 109--132
 [] 
 []

[4]
Underfull \hbox (badness 10000) in paragraph at lines 135--135
[]|\OT1/cmr/bx/n/12 Data Struc-ture
 []


Overfull \hbox (90.44406pt too wide) in paragraph at lines 133--156
 [][] 
 []


Overfull \hbox (90.44406pt too wide) in paragraph at lines 133--156
 [] 
 []

[5]
Underfull \hbox (badness 10000) in paragraph at lines 160--160
[]|\OT1/cmr/bx/n/12 Data Struc-ture
 []


Overfull \hbox (90.44406pt too wide) in paragraph at lines 158--178
 [][] 
 []


Overfull \hbox (90.44406pt too wide) in paragraph at lines 158--178
 [] 
 []

[6] [7] (MMS-Data Strucutue.aux) ) 
Here is how much of TeX's memory you used:
 1458 strings out of 475284
 25379 string characters out of 2770292
 374886 words of memory out of 3000000
 22970 multiletter control sequences out of 15000+600000
 473215 words of font info for 41 fonts, out of 8000000 for 9000
 1141 hyphenation exceptions out of 8191
 55i,8n,62p,601b,204s stack positions out of 10000i,1000n,20000p,200000b,80000s
<C:/Users/Hammad Hassan/AppData/Local/Program
s/MiKTeX/fonts/type1/public/amsfonts/cm/cmbx12.pfb><C:/Users/Hammad Hassan/AppD
ata/Local/Programs/MiKTeX/fonts/type1/public/amsfonts/cm/cmmi12.pfb><C:/Users/H
ammad Hassan/AppData/Local/Programs/MiKTeX/fonts/type1/public/amsfonts/cm/cmr12
.pfb>
Output written on "MMS-Data Strucutue.pdf" (7 pages, 78052 bytes).
PDF statistics:
 44 PDF objects out of 1000 (max. 8388607)
 0 named destinations out of 1000 (max. 500000)
 6 words of extra memory for PDF output out of 10000 (max. 10000000)

