This is pdfTeX, Version 3.141592653-2.6-1.40.24 (MiKTeX 22.11.25) (preloaded format=pdflatex 2022.11.26)  22 DEC 2022 01:25
entering extended mode
 restricted \write18 enabled.
 %&-line parsing enabled.
**./MMS-FinalReport.tex
(MMS-FinalReport.tex
LaTeX2e <2022-11-01>
L3 programming layer <2022-11-02>
(C:\Users\Hammad Hassan\AppData\Local\Programs\MiKTeX\tex/latex/base\article.cl
s
Document Class: article 2022/07/02 v1.4n Standard LaTeX document class

(C:\Users\Hammad Hassan\AppData\Local\Programs\MiKTeX\tex/latex/base\size12.clo
File: size12.clo 2022/07/02 v1.4n Standard LaTeX file (size option)
)
\c@part=\count185
\c@section=\count186
\c@subsection=\count187
\c@subsubsection=\count188
\c@paragraph=\count189
\c@subparagraph=\count190
\c@figure=\count191
\c@table=\count192
\abovecaptionskip=\skip47
\belowcaptionskip=\skip48
\bibindent=\dimen140
)
(C:\Users\Hammad Hassan\AppData\Local\Programs\MiKTeX\tex/latex/graphics\graphi
cx.sty
Package: graphicx 2021/09/16 v1.2d Enhanced LaTeX Graphics (DPC,SPQR)

(C:\Users\Hammad Hassan\AppData\Local\Programs\MiKTeX\tex/latex/graphics\keyval
.sty
Package: keyval 2022/05/29 v1.15 key=value parser (DPC)
\KV@toks@=\toks16
)
(C:\Users\Hammad Hassan\AppData\Local\Programs\MiKTeX\tex/latex/graphics\graphi
cs.sty
Package: graphics 2022/03/10 v1.4e Standard LaTeX Graphics (DPC,SPQR)

(C:\Users\Hammad Hassan\AppData\Local\Programs\MiKTeX\tex/latex/graphics\trig.s
ty
Package: trig 2021/08/11 v1.11 sin cos tan (DPC)
)
(C:\Users\Hammad Hassan\AppData\Local\Programs\MiKTeX\tex/latex/graphics-cfg\gr
aphics.cfg
File: graphics.cfg 2016/06/04 v1.11 sample graphics configuration
)
Package graphics Info: Driver file: pdftex.def on input line 107.

(C:\Users\Hammad Hassan\AppData\Local\Programs\MiKTeX\tex/latex/graphics-def\pd
ftex.def
File: pdftex.def 2022/09/22 v1.2b Graphics/color driver for pdftex
))
\Gin@req@height=\dimen141
\Gin@req@width=\dimen142
)
(C:\Users\Hammad Hassan\AppData\Local\Programs\MiKTeX\tex/latex/tools\tabularx.
sty
Package: tabularx 2020/01/15 v2.11c `tabularx' package (DPC)

(C:\Users\Hammad Hassan\AppData\Local\Programs\MiKTeX\tex/latex/tools\array.sty
Package: array 2022/03/10 v2.5f Tabular extension package (FMi)
\col@sep=\dimen143
\ar@mcellbox=\box51
\extrarowheight=\dimen144
\NC@list=\toks17
\extratabsurround=\skip49
\backup@length=\skip50
\ar@cellbox=\box52
)
\TX@col@width=\dimen145
\TX@old@table=\dimen146
\TX@old@col=\dimen147
\TX@target=\dimen148
\TX@delta=\dimen149
\TX@cols=\count193
\TX@ftn=\toks18
)
(C:\Users\Hammad Hassan\AppData\Local\Programs\MiKTeX\tex/latex/blindtext\blind
text.sty
Package: blindtext 2012/01/06 V2.0 blindtext-Package

(C:\Users\Hammad Hassan\AppData\Local\Programs\MiKTeX\tex/latex/tools\xspace.st
y
Package: xspace 2014/10/28 v1.13 Space after command names (DPC,MH)
)
\c@blindtext=\count194
\c@Blindtext=\count195
\c@blind@countparstart=\count196
\blind@countxx=\count197
\blindtext@numBlindtext=\count198
\blind@countyy=\count199
\c@blindlist=\count266
\c@blindlistlevel=\count267
\c@blindlist@level=\count268
\blind@listitem=\count269
\c@blind@listcount=\count270
\c@blind@levelcount=\count271
\blind@mathformula=\count272
\blind@Mathformula=\count273
\c@blind@randomcount=\count274
\c@blind@randommax=\count275
\c@blind@pangramcount=\count276
\c@blind@pangrammax=\count277
)
(C:\Users\Hammad Hassan\AppData\Local\Programs\MiKTeX\tex/latex/titlesec\titles
ec.sty
Package: titlesec 2021/07/05 v2.14 Sectioning titles
\ttl@box=\box53
\beforetitleunit=\skip51
\aftertitleunit=\skip52
\ttl@plus=\dimen150
\ttl@minus=\dimen151
\ttl@toksa=\toks19
\titlewidth=\dimen152
\titlewidthlast=\dimen153
\titlewidthfirst=\dimen154
)
(C:\Users\Hammad Hassan\AppData\Local\Programs\MiKTeX\tex/latex/base\inputenc.s
ty
Package: inputenc 2021/02/14 v1.3d Input encoding file
\inpenc@prehook=\toks20
\inpenc@posthook=\toks21
)
(C:\Users\Hammad Hassan\AppData\Local\Programs\MiKTeX\tex/latex/geometry\geomet
ry.sty
Package: geometry 2020/01/02 v5.9 Page Geometry

(C:\Users\Hammad Hassan\AppData\Local\Programs\MiKTeX\tex/generic/iftex\ifvtex.
sty
Package: ifvtex 2019/10/25 v1.7 ifvtex legacy package. Use iftex instead.

(C:\Users\Hammad Hassan\AppData\Local\Programs\MiKTeX\tex/generic/iftex\iftex.s
ty
Package: iftex 2022/02/03 v1.0f TeX engine tests
))
\Gm@cnth=\count278
\Gm@cntv=\count279
\c@Gm@tempcnt=\count280
\Gm@bindingoffset=\dimen155
\Gm@wd@mp=\dimen156
\Gm@odd@mp=\dimen157
\Gm@even@mp=\dimen158
\Gm@layoutwidth=\dimen159
\Gm@layoutheight=\dimen160
\Gm@layouthoffset=\dimen161
\Gm@layoutvoffset=\dimen162
\Gm@dimlist=\toks22

(C:\Users\Hammad Hassan\AppData\Local\Programs\MiKTeX\tex/latex/geometry\geomet
ry.cfg))
(C:\Users\Hammad Hassan\AppData\Local\Programs\MiKTeX\tex/latex/ragged2e\ragged
2e.sty
Package: ragged2e 2022/11/13 v3.2 ragged2e Package
\CenteringLeftskip=\skip53
\RaggedLeftLeftskip=\skip54
\RaggedRightLeftskip=\skip55
\CenteringRightskip=\skip56
\RaggedLeftRightskip=\skip57
\RaggedRightRightskip=\skip58
\CenteringParfillskip=\skip59
\RaggedLeftParfillskip=\skip60
\RaggedRightParfillskip=\skip61
\JustifyingParfillskip=\skip62
\CenteringParindent=\skip63
\RaggedLeftParindent=\skip64
\RaggedRightParindent=\skip65
\JustifyingParindent=\skip66
)
(C:\Users\Hammad Hassan\AppData\Local\Programs\MiKTeX\tex/latex/tools\longtable
.sty
Package: longtable 2021-09-01 v4.17 Multi-page Table package (DPC)
\LTleft=\skip67
\LTright=\skip68
\LTpre=\skip69
\LTpost=\skip70
\LTchunksize=\count281
\LTcapwidth=\dimen163
\LT@head=\box54
\LT@firsthead=\box55
\LT@foot=\box56
\LT@lastfoot=\box57
\LT@gbox=\box58
\LT@cols=\count282
\LT@rows=\count283
\c@LT@tables=\count284
\c@LT@chunks=\count285
\LT@p@ftn=\toks23
)

Package geometry Warning: Over-specification in `h'-direction.
    `width' (483.69684pt) is ignored.


Package geometry Warning: Over-specification in `v'-direction.
    `height' (731.23582pt) is ignored.


(C:\Users\Hammad Hassan\AppData\Local\Programs\MiKTeX\tex/latex/l3backend\l3bac
kend-pdftex.def
File: l3backend-pdftex.def 2022-10-26 L3 backend support: PDF output (pdfTeX)
\l__color_backend_stack_int=\count286
\l__pdf_internal_box=\box59
) (MMS-FinalReport.aux)
\openout1 = `MMS-FinalReport.aux'.

LaTeX Font Info:    Checking defaults for OML/cmm/m/it on input line 19.
LaTeX Font Info:    ... okay on input line 19.
LaTeX Font Info:    Checking defaults for OMS/cmsy/m/n on input line 19.
LaTeX Font Info:    ... okay on input line 19.
LaTeX Font Info:    Checking defaults for OT1/cmr/m/n on input line 19.
LaTeX Font Info:    ... okay on input line 19.
LaTeX Font Info:    Checking defaults for T1/cmr/m/n on input line 19.
LaTeX Font Info:    ... okay on input line 19.
LaTeX Font Info:    Checking defaults for TS1/cmr/m/n on input line 19.
LaTeX Font Info:    ... okay on input line 19.
LaTeX Font Info:    Checking defaults for OMX/cmex/m/n on input line 19.
LaTeX Font Info:    ... okay on input line 19.
LaTeX Font Info:    Checking defaults for U/cmr/m/n on input line 19.
LaTeX Font Info:    ... okay on input line 19.

(C:\Users\Hammad Hassan\AppData\Local\Programs\MiKTeX\tex/context/base/mkii\sup
p-pdf.mkii
[Loading MPS to PDF converter (version 2006.09.02).]
\scratchcounter=\count287
\scratchdimen=\dimen164
\scratchbox=\box60
\nofMPsegments=\count288
\nofMParguments=\count289
\everyMPshowfont=\toks24
\MPscratchCnt=\count290
\MPscratchDim=\dimen165
\MPnumerator=\count291
\makeMPintoPDFobject=\count292
\everyMPtoPDFconversion=\toks25
)
(C:\Users\Hammad Hassan\AppData\Local\Programs\MiKTeX\tex/latex/epstopdf-pkg\ep
stopdf-base.sty
Package: epstopdf-base 2020-01-24 v2.11 Base part for package epstopdf
Package epstopdf-base Info: Redefining graphics rule for `.eps' on input line 4
85.

(C:\Users\Hammad Hassan\AppData\Local\Programs\MiKTeX\tex/latex/00miktex\epstop
df-sys.cfg
File: epstopdf-sys.cfg 2021/03/18 v2.0 Configuration of epstopdf for MiKTeX
))
*geometry* driver: auto-detecting
*geometry* detected driver: pdftex
*geometry* verbose mode - [ preamble ] result:
* driver: pdftex
* paper: a4paper
* layout: <same size as paper>
* layoutoffset:(h,v)=(0.0pt,0.0pt)
* modes: 
* h-part:(L,W,R)=(54.06023pt, 489.38742pt, 54.06023pt)
* v-part:(T,H,B)=(54.06023pt, 736.92639pt, 54.06023pt)
* \paperwidth=597.50787pt
* \paperheight=845.04684pt
* \textwidth=489.38742pt
* \textheight=736.92639pt
* \oddsidemargin=-18.20976pt
* \evensidemargin=-18.20976pt
* \topmargin=-55.20976pt
* \headheight=12.0pt
* \headsep=25.0pt
* \topskip=12.0pt
* \footskip=30.0pt
* \marginparwidth=35.0pt
* \marginparsep=10.0pt
* \columnsep=10.0pt
* \skip\footins=10.8pt plus 4.0pt minus 2.0pt
* \hoffset=0.0pt
* \voffset=0.0pt
* \mag=1000
* \@twocolumnfalse
* \@twosidefalse
* \@mparswitchfalse
* \@reversemarginfalse
* (1in=72.27pt=25.4mm, 1cm=28.453pt)

<UETLogo.png, id=1, 1705.572pt x 1720.026pt>
File: UETLogo.png Graphic file (type png)
<use UETLogo.png>
Package pdftex.def Info: UETLogo.png  used on input line 27.
(pdftex.def)             Requested size: 136.44855pt x 137.60489pt.
LaTeX Font Info:    External font `cmex10' loaded for size
(Font)              <12> on input line 29.
LaTeX Font Info:    External font `cmex10' loaded for size
(Font)              <8> on input line 29.
LaTeX Font Info:    External font `cmex10' loaded for size
(Font)              <6> on input line 29.
(MMS-FinalReport.toc [1

{C:/Users/Hammad Hassan/AppData/Local/MiKTeX/fonts/map/pdftex/pdftex.map} <./UE
TLogo.png>] [2] [3])
\tf@toc=\write3
\openout3 = `MMS-FinalReport.toc'.

 [1] [1] [2]
Underfull \hbox (badness 10000) in paragraph at lines 119--120

 []


Underfull \hbox (badness 10000) in paragraph at lines 131--145
\OT1/cmr/m/n/12 (1.0.115.5), Sys-tem.Buffers (4.5.1), Sys-tem.Data.SqlClient
 []


Underfull \hbox (badness 10000) in paragraph at lines 131--145
\OT1/cmr/m/n/12 (4.8.3) Sys-tem.Data.SQLite (1.0.115.5) Sys-tem.Memory
 []


Underfull \hbox (badness 1210) in paragraph at lines 131--145
\OT1/cmr/m/n/12 (4.5.5) Sys-tem.Numerics.Vectors (4.5.0) Sys-tem.Reflection.Emi
t
 []


Underfull \hbox (badness 10000) in paragraph at lines 131--145
\OT1/cmr/m/n/12 (4.3.0) Sys-tem.Runtime.CompilerServices.Unsafe (4.5.3) Sys-
 []


Overfull \hbox (3.05666pt too wide) in alignment at lines 120--148
 [] [] 
 []


Overfull \hbox (3.05666pt too wide) in alignment at lines 150--168
 [] [] 
 []

[3] [4] [5] [6] [7] [8] [9] [10] [11] [12] [13] [14] [15] [16] [17] [18]
[19] [20] [21] [22] [23] [24] [25] [26] [27] [28] [29] [30] [31] [32] [33]
[34] [35] [36] [37] [38] [39] [40] [41] [42] [43] [44] [45] [46]
Underfull \hbox (badness 10000) in paragraph at lines 2412--2412
[]|\OT1/cmr/m/n/12 The pre-
 []

[47] [48]
Underfull \hbox (badness 10000) in paragraph at lines 2496--2496
[]|\OT1/cmr/m/n/12 The pre-
 []

[49] [50]
Underfull \hbox (badness 10000) in paragraph at lines 2563--2563
[]|\OT1/cmr/m/n/12 The pre-
 []

[51] [52] [53] [54] [55] [56] [57] [58] [59] [60]
Underfull \hbox (badness 1648) in paragraph at lines 3218--3218
[]|\OT1/cmr/m/n/12 UI In-ter-face in
 []

<./User Interface/UI-001 Intro@1x.png, id=212, 933.4875pt x 543.02875pt>
File: ./User Interface/UI-001 Intro@1x.png Graphic file (type png)
<use ./User Interface/UI-001 Intro@1x.png>
Package pdftex.def Info: ./User Interface/UI-001 Intro@1x.png  used on input li
ne 3218.
(pdftex.def)             Requested size: 280.04842pt x 162.90987pt.
<./User Interface1/UI-001 Intro@1x.png, id=213, 696.35156pt x 404.26031pt>
File: ./User Interface1/UI-001 Intro@1x.png Graphic file (type png)
<use ./User Interface1/UI-001 Intro@1x.png>
Package pdftex.def Info: ./User Interface1/UI-001 Intro@1x.png  used on input l
ine 3220.
(pdftex.def)             Requested size: 208.90707pt x 121.27902pt.
[61]
Underfull \hbox (badness 1648) in paragraph at lines 3245--3245
[]|\OT1/cmr/m/n/12 UI In-ter-face in
 []

<./User Interface/UI-002 Login@1x.png, id=217, 933.4875pt x 542.025pt>
File: ./User Interface/UI-002 Login@1x.png Graphic file (type png)
<use ./User Interface/UI-002 Login@1x.png>
Package pdftex.def Info: ./User Interface/UI-002 Login@1x.png  used on input li
ne 3245.
(pdftex.def)             Requested size: 280.04842pt x 162.60875pt.
<./User Interface1/UI-002 Login@1x.png, id=218, 699.36281pt x 406.51875pt>
File: ./User Interface1/UI-002 Login@1x.png Graphic file (type png)
<use ./User Interface1/UI-002 Login@1x.png>
Package pdftex.def Info: ./User Interface1/UI-002 Login@1x.png  used on input l
ine 3247.
(pdftex.def)             Requested size: 209.81046pt x 121.95656pt.
[62 <./User Interface/UI-001 Intro@1x.png> <./User Interface1/UI-001 Intro@1x.p
ng> <./User Interface/UI-002 Login@1x.png>]
Underfull \hbox (badness 1648) in paragraph at lines 3280--3280
[]|\OT1/cmr/m/n/12 UI In-ter-face in
 []

<./User Interface/UI-003 Forgot password@1x.png, id=225, 933.4875pt x 542.025pt
>
File: ./User Interface/UI-003 Forgot password@1x.png Graphic file (type png)
<use ./User Interface/UI-003 Forgot password@1x.png>
Package pdftex.def Info: ./User Interface/UI-003 Forgot password@1x.png  used o
n input line 3280.
(pdftex.def)             Requested size: 280.04842pt x 162.60875pt.
<./User Interface1/UI-003 Forgot password@1x.png, id=226, 698.61pt x 400.49625p
t>
File: ./User Interface1/UI-003 Forgot password@1x.png Graphic file (type png)
<use ./User Interface1/UI-003 Forgot password@1x.png>
Package pdftex.def Info: ./User Interface1/UI-003 Forgot password@1x.png  used 
on input line 3282.
(pdftex.def)             Requested size: 209.58461pt x 120.1498pt.
[63 <./User Interface1/UI-002 Login@1x.png> <./User Interface/UI-003 Forgot pas
sword@1x.png>]
Underfull \hbox (badness 1648) in paragraph at lines 3317--3317
[]|\OT1/cmr/m/n/12 UI In-ter-face in
 []

<./User Interface/UI-004a Create Account Except Rider@1x.png, id=233, 933.4875p
t x 542.025pt>
File: ./User Interface/UI-004a Create Account Except Rider@1x.png Graphic file 
(type png)
<use ./User Interface/UI-004a Create Account Except Rider@1x.png>
Package pdftex.def Info: ./User Interface/UI-004a Create Account Except Rider@1
x.png  used on input line 3317.
(pdftex.def)             Requested size: 280.04842pt x 162.60875pt.
<./User Interface1/UI-004a Create Account Except Rider@1x.png, id=234, 697.8572
pt x 400.49625pt>
File: ./User Interface1/UI-004a Create Account Except Rider@1x.png Graphic file
 (type png)
<use ./User Interface1/UI-004a Create Account Except Rider@1x.png>
Package pdftex.def Info: ./User Interface1/UI-004a Create Account Except Rider@
1x.png  used on input line 3320.
(pdftex.def)             Requested size: 209.35876pt x 120.1498pt.
[64 <./User Interface1/UI-003 Forgot password@1x.png> <./User Interface/UI-004a
 Create Account Except Rider@1x.png>]
Underfull \hbox (badness 1648) in paragraph at lines 3361--3361
[]|\OT1/cmr/m/n/12 UI In-ter-face in
 []

<./User Interface/UI-005a Update Account Information.png, id=240, 933.4875pt x 
542.025pt>
File: ./User Interface/UI-005a Update Account Information.png Graphic file (typ
e png)
<use ./User Interface/UI-005a Update Account Information.png>
Package pdftex.def Info: ./User Interface/UI-005a Update Account Information.pn
g  used on input line 3361.
(pdftex.def)             Requested size: 280.04842pt x 162.60875pt.
<./User Interface1/UI-005a Update Account Information.png, id=241, 700.86844pt 
x 407.27156pt>
File: ./User Interface1/UI-005a Update Account Information.png Graphic file (ty
pe png)
<use ./User Interface1/UI-005a Update Account Information.png>
Package pdftex.def Info: ./User Interface1/UI-005a Update Account Information.p
ng  used on input line 3363.
(pdftex.def)             Requested size: 210.26215pt x 122.1824pt.
[65 <./User Interface1/UI-004a Create Account Except Rider@1x.png>]
Underfull \hbox (badness 1648) in paragraph at lines 3404--3404
[]|\OT1/cmr/m/n/12 UI In-ter-face in
 []

File: ./User Interface/UI-005a Update Account Information.png Graphic file (typ
e png)
<use ./User Interface/UI-005a Update Account Information.png>
Package pdftex.def Info: ./User Interface/UI-005a Update Account Information.pn
g  used on input line 3404.
(pdftex.def)             Requested size: 280.04842pt x 162.60875pt.
File: ./User Interface1/UI-005a Update Account Information.png Graphic file (ty
pe png)
<use ./User Interface1/UI-005a Update Account Information.png>
Package pdftex.def Info: ./User Interface1/UI-005a Update Account Information.p
ng  used on input line 3406.
(pdftex.def)             Requested size: 210.26215pt x 122.1824pt.
[66 <./User Interface/UI-005a Update Account Information.png> <./User Interface
1/UI-005a Update Account Information.png>]
Underfull \hbox (badness 1648) in paragraph at lines 3447--3447
[]|\OT1/cmr/m/n/12 UI In-ter-face in
 []

<./User Interface/UI-006 ViewAndDelete Account@1x.png, id=251, 933.4875pt x 542
.025pt>
File: ./User Interface/UI-006 ViewAndDelete Account@1x.png Graphic file (type p
ng)
<use ./User Interface/UI-006 ViewAndDelete Account@1x.png>
Package pdftex.def Info: ./User Interface/UI-006 ViewAndDelete Account@1x.png  
used on input line 3447.
(pdftex.def)             Requested size: 280.04842pt x 162.60875pt.
<./User Interface1/UI-006 ViewAndDelete Account@1x.png, id=252, 694.09312pt x 4
01.24907pt>
File: ./User Interface1/UI-006 ViewAndDelete Account@1x.png Graphic file (type 
png)
<use ./User Interface1/UI-006 ViewAndDelete Account@1x.png>
Package pdftex.def Info: ./User Interface1/UI-006 ViewAndDelete Account@1x.png 
 used on input line 3449.
(pdftex.def)             Requested size: 208.22954pt x 120.37564pt.
[67]
Underfull \hbox (badness 1648) in paragraph at lines 3486--3486
[]|\OT1/cmr/m/n/12 UI In-ter-face in
 []

File: ./User Interface/UI-006 ViewAndDelete Account@1x.png Graphic file (type p
ng)
<use ./User Interface/UI-006 ViewAndDelete Account@1x.png>
Package pdftex.def Info: ./User Interface/UI-006 ViewAndDelete Account@1x.png  
used on input line 3486.
(pdftex.def)             Requested size: 280.04842pt x 162.60875pt.
File: ./User Interface1/UI-006 ViewAndDelete Account@1x.png Graphic file (type 
png)
<use ./User Interface1/UI-006 ViewAndDelete Account@1x.png>
Package pdftex.def Info: ./User Interface1/UI-006 ViewAndDelete Account@1x.png 
 used on input line 3489.
(pdftex.def)             Requested size: 208.22954pt x 120.37564pt.
[68 <./User Interface/UI-006 ViewAndDelete Account@1x.png> <./User Interface1/U
I-006 ViewAndDelete Account@1x.png>]
Underfull \hbox (badness 1648) in paragraph at lines 3521--3521
[]|\OT1/cmr/m/n/12 UI In-ter-face in
 []

<./User Interface/UI-007 CEO Dashboard@1x.png, id=261, 933.4875pt x 542.025pt>
File: ./User Interface/UI-007 CEO Dashboard@1x.png Graphic file (type png)
<use ./User Interface/UI-007 CEO Dashboard@1x.png>
Package pdftex.def Info: ./User Interface/UI-007 CEO Dashboard@1x.png  used on 
input line 3521.
(pdftex.def)             Requested size: 280.04842pt x 162.60875pt.
<./User Interface1/UI-007 CEO Dashboard@1x.png, id=262, 858.95906pt x 450.9347p
t>
File: ./User Interface1/UI-007 CEO Dashboard@1x.png Graphic file (type png)
<use ./User Interface1/UI-007 CEO Dashboard@1x.png>
Package pdftex.def Info: ./User Interface1/UI-007 CEO Dashboard@1x.png  used on
 input line 3523.
(pdftex.def)             Requested size: 257.6897pt x 135.28145pt.
[69]
Underfull \hbox (badness 1648) in paragraph at lines 3549--3549
[]|\OT1/cmr/m/n/12 UI In-ter-face in
 []

<./User Interface/UI-008 Add Product@1x.png, id=267, 933.4875pt x 542.025pt>
File: ./User Interface/UI-008 Add Product@1x.png Graphic file (type png)
<use ./User Interface/UI-008 Add Product@1x.png>
Package pdftex.def Info: ./User Interface/UI-008 Add Product@1x.png  used on in
put line 3549.
(pdftex.def)             Requested size: 280.04842pt x 162.60875pt.
<./User Interface1/UI-008 Add Product@1x.png, id=268, 688.82344pt x 388.45125pt
>
File: ./User Interface1/UI-008 Add Product@1x.png Graphic file (type png)
<use ./User Interface1/UI-008 Add Product@1x.png>
Package pdftex.def Info: ./User Interface1/UI-008 Add Product@1x.png  used on i
nput line 3552.
(pdftex.def)             Requested size: 206.64862pt x 116.53627pt.
[70 <./User Interface/UI-007 CEO Dashboard@1x.png> <./User Interface1/UI-007 CE
O Dashboard@1x.png>]
Underfull \hbox (badness 1648) in paragraph at lines 3588--3588
[]|\OT1/cmr/m/n/12 UI In-ter-face in
 []

<./User Interface/UI-009 Update Product Record@1x.png, id=274, 933.4875pt x 542
.025pt>
File: ./User Interface/UI-009 Update Product Record@1x.png Graphic file (type p
ng)
<use ./User Interface/UI-009 Update Product Record@1x.png>
Package pdftex.def Info: ./User Interface/UI-009 Update Product Record@1x.png  
used on input line 3588.
(pdftex.def)             Requested size: 280.04842pt x 162.60875pt.
<./User Interface1/UI-009 Update Product Record@1x.png, id=275, 683.55376pt x 3
74.14781pt>
File: ./User Interface1/UI-009 Update Product Record@1x.png Graphic file (type 
png)
<use ./User Interface1/UI-009 Update Product Record@1x.png>
Package pdftex.def Info: ./User Interface1/UI-009 Update Product Record@1x.png 
 used on input line 3591.
(pdftex.def)             Requested size: 205.0677pt x 112.2452pt.
[71 <./User Interface/UI-008 Add Product@1x.png> <./User Interface1/UI-008 Add 
Product@1x.png>]
Underfull \hbox (badness 1648) in paragraph at lines 3625--3625
[]|\OT1/cmr/m/n/12 UI In-ter-face in
 []

<./User Interface/UI-011 Order Product@1x.png, id=281, 933.4875pt x 542.025pt>
File: ./User Interface/UI-011 Order Product@1x.png Graphic file (type png)
<use ./User Interface/UI-011 Order Product@1x.png>
Package pdftex.def Info: ./User Interface/UI-011 Order Product@1x.png  used on 
input line 3625.
(pdftex.def)             Requested size: 280.04842pt x 162.60875pt.
<./User Interface1/UI-011 Order Product@1x.png, id=282, 685.05937pt x 407.27156
pt>
File: ./User Interface1/UI-011 Order Product@1x.png Graphic file (type png)
<use ./User Interface1/UI-011 Order Product@1x.png>
Package pdftex.def Info: ./User Interface1/UI-011 Order Product@1x.png  used on
 input line 3627.
(pdftex.def)             Requested size: 205.5194pt x 122.1824pt.
[72 <./User Interface/UI-009 Update Product Record@1x.png> <./User Interface1/U
I-009 Update Product Record@1x.png>]
Underfull \hbox (badness 1648) in paragraph at lines 3663--3663
[]|\OT1/cmr/m/n/12 UI In-ter-face in
 []

<./User Interface/UI-012 SendEmail@1x.png, id=288, 933.4875pt x 542.025pt>
File: ./User Interface/UI-012 SendEmail@1x.png Graphic file (type png)
<use ./User Interface/UI-012 SendEmail@1x.png>
Package pdftex.def Info: ./User Interface/UI-012 SendEmail@1x.png  used on inpu
t line 3663.
(pdftex.def)             Requested size: 280.04842pt x 162.60875pt.
<./User Interface1/UI-012 SendEmail@1x.png, id=289, 690.32906pt x 392.96812pt>
File: ./User Interface1/UI-012 SendEmail@1x.png Graphic file (type png)
<use ./User Interface1/UI-012 SendEmail@1x.png>
Package pdftex.def Info: ./User Interface1/UI-012 SendEmail@1x.png  used on inp
ut line 3665.
(pdftex.def)             Requested size: 207.10031pt x 117.89134pt.
[73 <./User Interface/UI-011 Order Product@1x.png> <./User Interface1/UI-011 Or
der Product@1x.png>]
Underfull \hbox (badness 1648) in paragraph at lines 3699--3699
[]|\OT1/cmr/m/n/12 UI In-ter-face in
 []

<./User Interface/UI-013 AddWarehouse@1x.png, id=295, 933.4875pt x 542.025pt>
File: ./User Interface/UI-013 AddWarehouse@1x.png Graphic file (type png)
<use ./User Interface/UI-013 AddWarehouse@1x.png>
Package pdftex.def Info: ./User Interface/UI-013 AddWarehouse@1x.png  used on i
nput line 3699.
(pdftex.def)             Requested size: 280.04842pt x 162.60875pt.
<./User Interface1/UI-013 AddWarehouse@1x.png, id=296, 697.10437pt x 405.76593p
t>
File: ./User Interface1/UI-013 AddWarehouse@1x.png Graphic file (type png)
<use ./User Interface1/UI-013 AddWarehouse@1x.png>
Package pdftex.def Info: ./User Interface1/UI-013 AddWarehouse@1x.png  used on 
input line 3702.
(pdftex.def)             Requested size: 209.13292pt x 121.73071pt.
[74 <./User Interface/UI-012 SendEmail@1x.png> <./User Interface1/UI-012 SendEm
ail@1x.png>]
Underfull \hbox (badness 1648) in paragraph at lines 3736--3736
[]|\OT1/cmr/m/n/12 UI In-ter-face in
 []

<./User Interface/UI-014 EditWarehouse@1x.png, id=302, 933.4875pt x 542.025pt>
File: ./User Interface/UI-014 EditWarehouse@1x.png Graphic file (type png)
<use ./User Interface/UI-014 EditWarehouse@1x.png>
Package pdftex.def Info: ./User Interface/UI-014 EditWarehouse@1x.png  used on 
input line 3736.
(pdftex.def)             Requested size: 280.04842pt x 162.60875pt.
<./User Interface1/UI-014 EditWarehouse@1x.png, id=303, 689.57625pt x 373.395pt
>
File: ./User Interface1/UI-014 EditWarehouse@1x.png Graphic file (type png)
<use ./User Interface1/UI-014 EditWarehouse@1x.png>
Package pdftex.def Info: ./User Interface1/UI-014 EditWarehouse@1x.png  used on
 input line 3738.
(pdftex.def)             Requested size: 206.87447pt x 112.01936pt.
[75 <./User Interface/UI-013 AddWarehouse@1x.png> <./User Interface1/UI-013 Add
Warehouse@1x.png>]
Underfull \hbox (badness 1648) in paragraph at lines 3772--3772
[]|\OT1/cmr/m/n/12 UI In-ter-face in
 []

<./User Interface/UI-015 ViewAndDelete Warehouse@.png, id=310, 933.4875pt x 542
.025pt>
File: ./User Interface/UI-015 ViewAndDelete Warehouse@.png Graphic file (type p
ng)
<use ./User Interface/UI-015 ViewAndDelete Warehouse@.png>
Package pdftex.def Info: ./User Interface/UI-015 ViewAndDelete Warehouse@.png  
used on input line 3772.
(pdftex.def)             Requested size: 280.04842pt x 162.60875pt.
<./User Interface1/UI-015 ViewAndDelete Warehouse@.png, id=311, 695.59875pt x 3
86.19281pt>
File: ./User Interface1/UI-015 ViewAndDelete Warehouse@.png Graphic file (type 
png)
<use ./User Interface1/UI-015 ViewAndDelete Warehouse@.png>
Package pdftex.def Info: ./User Interface1/UI-015 ViewAndDelete Warehouse@.png 
 used on input line 3775.
(pdftex.def)             Requested size: 208.68123pt x 115.85872pt.
[76 <./User Interface/UI-014 EditWarehouse@1x.png> <./User Interface1/UI-014 Ed
itWarehouse@1x.png>]
Underfull \hbox (badness 1648) in paragraph at lines 3808--3808
[]|\OT1/cmr/m/n/12 UI In-ter-face in
 []

<./User Interface/UI-016 Warehouse Manager Dashboard@1x.png, id=317, 933.4875pt
 x 542.025pt>
File: ./User Interface/UI-016 Warehouse Manager Dashboard@1x.png Graphic file (
type png)
<use ./User Interface/UI-016 Warehouse Manager Dashboard@1x.png>
Package pdftex.def Info: ./User Interface/UI-016 Warehouse Manager Dashboard@1x
.png  used on input line 3808.
(pdftex.def)             Requested size: 280.04842pt x 162.60875pt.
<./User Interface1/UI-016 Warehouse Manager Dashboard@1x.png, id=318, 862.72313
pt x 438.8897pt>
File: ./User Interface1/UI-016 Warehouse Manager Dashboard@1x.png Graphic file 
(type png)
<use ./User Interface1/UI-016 Warehouse Manager Dashboard@1x.png>
Package pdftex.def Info: ./User Interface1/UI-016 Warehouse Manager Dashboard@1
x.png  used on input line 3811.
(pdftex.def)             Requested size: 258.81894pt x 131.66792pt.
[77 <./User Interface/UI-015 ViewAndDelete Warehouse@.png> <./User Interface1/U
I-015 ViewAndDelete Warehouse@.png>]
Underfull \hbox (badness 1648) in paragraph at lines 3836--3836
[]|\OT1/cmr/m/n/12 UI In-ter-face in
 []

<./User Interface/UI-017 Employee Dashboard@1x.png, id=324, 933.4875pt x 542.02
5pt>
File: ./User Interface/UI-017 Employee Dashboard@1x.png Graphic file (type png)

<use ./User Interface/UI-017 Employee Dashboard@1x.png>
Package pdftex.def Info: ./User Interface/UI-017 Employee Dashboard@1x.png  use
d on input line 3836.
(pdftex.def)             Requested size: 280.04842pt x 162.60875pt.
<./User Interface1/UI-017 Employee Dashboard@1x.png, id=325, 854.44218pt x 447.
17062pt>
File: ./User Interface1/UI-017 Employee Dashboard@1x.png Graphic file (type png
)
<use ./User Interface1/UI-017 Employee Dashboard@1x.png>
Package pdftex.def Info: ./User Interface1/UI-017 Employee Dashboard@1x.png  us
ed on input line 3839.
(pdftex.def)             Requested size: 256.33463pt x 134.15222pt.
[78 <./User Interface/UI-016 Warehouse Manager Dashboard@1x.png> <./User Interf
ace1/UI-016 Warehouse Manager Dashboard@1x.png> <./User Interface/UI-017 Employ
ee Dashboard@1x.png>]
Underfull \hbox (badness 1648) in paragraph at lines 3864--3864
[]|\OT1/cmr/m/n/12 UI In-ter-face in
 []

<./User Interface/UI-018 Rider Dashboard@1x.png, id=332, 933.4875pt x 542.025pt
>
File: ./User Interface/UI-018 Rider Dashboard@1x.png Graphic file (type png)
<use ./User Interface/UI-018 Rider Dashboard@1x.png>
Package pdftex.def Info: ./User Interface/UI-018 Rider Dashboard@1x.png  used o
n input line 3864.
(pdftex.def)             Requested size: 280.04842pt x 162.60875pt.
<./User Interface1/UI-018 Rider Dashboard@1x.png, id=333, 856.70062pt x 449.429
06pt>
File: ./User Interface1/UI-018 Rider Dashboard@1x.png Graphic file (type png)
<use ./User Interface1/UI-018 Rider Dashboard@1x.png>
Package pdftex.def Info: ./User Interface1/UI-018 Rider Dashboard@1x.png  used 
on input line 3866.
(pdftex.def)             Requested size: 257.01216pt x 134.82974pt.

Underfull \hbox (badness 1648) in paragraph at lines 3893--3893
[]|\OT1/cmr/m/n/12 UI In-ter-face in
 []

<./User Interface/UI-034 Route Finder@1x.png, id=334, 933.4875pt x 542.025pt>
File: ./User Interface/UI-034 Route Finder@1x.png Graphic file (type png)
<use ./User Interface/UI-034 Route Finder@1x.png>
Package pdftex.def Info: ./User Interface/UI-034 Route Finder@1x.png  used on i
nput line 3893.
(pdftex.def)             Requested size: 280.04842pt x 162.60875pt.
<./User Interface1/UI-034 Route Finder@1x.png, id=335, 679.03688pt x 362.85562p
t>
File: ./User Interface1/UI-034 Route Finder@1x.png Graphic file (type png)
<use ./User Interface1/UI-034 Route Finder@1x.png>
Package pdftex.def Info: ./User Interface1/UI-034 Route Finder@1x.png  used on 
input line 3896.
(pdftex.def)             Requested size: 203.71263pt x 108.85751pt.
[79 <./User Interface1/UI-017 Employee Dashboard@1x.png> <./User Interface/UI-0
18 Rider Dashboard@1x.png> <./User Interface1/UI-018 Rider Dashboard@1x.png>]
Underfull \hbox (badness 1648) in paragraph at lines 3929--3929
[]|\OT1/cmr/m/n/12 UI In-ter-face in
 []

<./User Interface/UI-019 Add ShopAndShopKeeper@1x.png, id=342, 933.4875pt x 542
.025pt>
File: ./User Interface/UI-019 Add ShopAndShopKeeper@1x.png Graphic file (type p
ng)
<use ./User Interface/UI-019 Add ShopAndShopKeeper@1x.png>
Package pdftex.def Info: ./User Interface/UI-019 Add ShopAndShopKeeper@1x.png  
used on input line 3929.
(pdftex.def)             Requested size: 280.04842pt x 162.60875pt.
<./User Interface1/UI-019 Add ShopAndShopKeeper@1x.png, id=343, 672.26157pt x 3
59.09157pt>
File: ./User Interface1/UI-019 Add ShopAndShopKeeper@1x.png Graphic file (type 
png)
<use ./User Interface1/UI-019 Add ShopAndShopKeeper@1x.png>
Package pdftex.def Info: ./User Interface1/UI-019 Add ShopAndShopKeeper@1x.png 
 used on input line 3932.
(pdftex.def)             Requested size: 201.68002pt x 107.72829pt.
[80 <./User Interface/UI-034 Route Finder@1x.png> <./User Interface1/UI-034 Rou
te Finder@1x.png>]
Underfull \hbox (badness 1648) in paragraph at lines 3968--3968
[]|\OT1/cmr/m/n/12 UI In-ter-face in
 []

<./User Interface/UI-021 Add Payment@1x.png, id=349, 933.4875pt x 542.025pt>
File: ./User Interface/UI-021 Add Payment@1x.png Graphic file (type png)
<use ./User Interface/UI-021 Add Payment@1x.png>
Package pdftex.def Info: ./User Interface/UI-021 Add Payment@1x.png  used on in
put line 3968.
(pdftex.def)             Requested size: 280.04842pt x 162.60875pt.
<./User Interface1/UI-021 Add Payment@1x.png, id=350, 684.30656pt x 395.22656pt
>
File: ./User Interface1/UI-021 Add Payment@1x.png Graphic file (type png)
<use ./User Interface1/UI-021 Add Payment@1x.png>
Package pdftex.def Info: ./User Interface1/UI-021 Add Payment@1x.png  used on i
nput line 3971.
(pdftex.def)             Requested size: 205.29355pt x 118.56888pt.
[81 <./User Interface/UI-019 Add ShopAndShopKeeper@1x.png> <./User Interface1/U
I-019 Add ShopAndShopKeeper@1x.png>]
Underfull \hbox (badness 1648) in paragraph at lines 4005--4005
[]|\OT1/cmr/m/n/12 UI In-ter-face in
 []

<./User Interface/UI-022Update Payment Information.png, id=357, 933.4875pt x 54
2.025pt>
File: ./User Interface/UI-022Update Payment Information.png Graphic file (type 
png)
<use ./User Interface/UI-022Update Payment Information.png>
Package pdftex.def Info: ./User Interface/UI-022Update Payment Information.png 
 used on input line 4005.
(pdftex.def)             Requested size: 280.04842pt x 162.60875pt.
<./User Interface1/UI-022Update Payment Information.png, id=358, 679.03688pt x 
369.63094pt>
File: ./User Interface1/UI-022Update Payment Information.png Graphic file (type
 png)
<use ./User Interface1/UI-022Update Payment Information.png>
Package pdftex.def Info: ./User Interface1/UI-022Update Payment Information.png
  used on input line 4008.
(pdftex.def)             Requested size: 203.71263pt x 110.89012pt.
[82 <./User Interface/UI-021 Add Payment@1x.png> <./User Interface1/UI-021 Add 
Payment@1x.png>]
Underfull \hbox (badness 1648) in paragraph at lines 4040--4040
[]|\OT1/cmr/m/n/12 UI In-ter-face in
 []

<./User Interface/UI-023 AddVehicle@1x.png, id=364, 933.4875pt x 542.025pt>
File: ./User Interface/UI-023 AddVehicle@1x.png Graphic file (type png)
<use ./User Interface/UI-023 AddVehicle@1x.png>
Package pdftex.def Info: ./User Interface/UI-023 AddVehicle@1x.png  used on inp
ut line 4040.
(pdftex.def)             Requested size: 280.04842pt x 162.60875pt.
<./User Interface1/UI-023 AddVehicle@1x.png, id=365, 674.52pt x 373.395pt>
File: ./User Interface1/UI-023 AddVehicle@1x.png Graphic file (type png)
<use ./User Interface1/UI-023 AddVehicle@1x.png>
Package pdftex.def Info: ./User Interface1/UI-023 AddVehicle@1x.png  used on in
put line 4041.
(pdftex.def)             Requested size: 202.35756pt x 112.01936pt.
[83 <./User Interface/UI-022Update Payment Information.png> <./User Interface1/
UI-022Update Payment Information.png>]
Underfull \hbox (badness 1648) in paragraph at lines 4074--4074
[]|\OT1/cmr/m/n/12 UI In-ter-face in
 []

<./User Interface/UI-024 Update Vehicle Information.png, id=371, 933.4875pt x 5
42.025pt>
File: ./User Interface/UI-024 Update Vehicle Information.png Graphic file (type
 png)
<use ./User Interface/UI-024 Update Vehicle Information.png>
Package pdftex.def Info: ./User Interface/UI-024 Update Vehicle Information.png
  used on input line 4074.
(pdftex.def)             Requested size: 280.04842pt x 162.60875pt.
<./User Interface1/UI-024 Update Vehicle Information.png, id=372, 689.57625pt x
 389.95688pt>
File: ./User Interface1/UI-024 Update Vehicle Information.png Graphic file (typ
e png)
<use ./User Interface1/UI-024 Update Vehicle Information.png>
Package pdftex.def Info: ./User Interface1/UI-024 Update Vehicle Information.pn
g  used on input line 4077.
(pdftex.def)             Requested size: 206.87447pt x 116.98796pt.
[84 <./User Interface/UI-023 AddVehicle@1x.png> <./User Interface1/UI-023 AddVe
hicle@1x.png>]
Underfull \hbox (badness 1648) in paragraph at lines 4110--4110
[]|\OT1/cmr/m/n/12 UI In-ter-face in
 []

<./User Interface/UI-025 Add Category@1x.png, id=378, 933.4875pt x 542.025pt>
File: ./User Interface/UI-025 Add Category@1x.png Graphic file (type png)
<use ./User Interface/UI-025 Add Category@1x.png>
Package pdftex.def Info: ./User Interface/UI-025 Add Category@1x.png  used on i
nput line 4110.
(pdftex.def)             Requested size: 280.04842pt x 162.60875pt.
<./User Interface1/UI-025 Add Category@1x.png, id=379, 678.28406pt x 393.72093p
t>
File: ./User Interface1/UI-025 Add Category@1x.png Graphic file (type png)
<use ./User Interface1/UI-025 Add Category@1x.png>
Package pdftex.def Info: ./User Interface1/UI-025 Add Category@1x.png  used on 
input line 4112.
(pdftex.def)             Requested size: 203.48679pt x 118.11719pt.
[85 <./User Interface/UI-024 Update Vehicle Information.png> <./User Interface1
/UI-024 Update Vehicle Information.png>]
Underfull \hbox (badness 1648) in paragraph at lines 4142--4142
[]|\OT1/cmr/m/n/12 UI In-ter-face in
 []

<./User Interface/UI-026Update Category Inofrmation@1x.png, id=385, 933.4875pt 
x 542.025pt>
File: ./User Interface/UI-026Update Category Inofrmation@1x.png Graphic file (t
ype png)
<use ./User Interface/UI-026Update Category Inofrmation@1x.png>
Package pdftex.def Info: ./User Interface/UI-026Update Category Inofrmation@1x.
png  used on input line 4142.
(pdftex.def)             Requested size: 280.04842pt x 162.60875pt.
<./User Interface1/UI-026Update Category Inofrmation@1x.png, id=386, 651.18282p
t x 381.67593pt>
File: ./User Interface1/UI-026Update Category Inofrmation@1x.png Graphic file (
type png)
<use ./User Interface1/UI-026Update Category Inofrmation@1x.png>
Package pdftex.def Info: ./User Interface1/UI-026Update Category Inofrmation@1x
.png  used on input line 4144.
(pdftex.def)             Requested size: 195.35635pt x 114.50366pt.
[86 <./User Interface/UI-025 Add Category@1x.png> <./User Interface1/UI-025 Add
 Category@1x.png>]
Underfull \hbox (badness 1648) in paragraph at lines 4174--4174
[]|\OT1/cmr/m/n/12 UI In-ter-face in
 []

<./User Interface/UI-027Add Vendor@1x.png, id=392, 933.4875pt x 542.025pt>
File: ./User Interface/UI-027Add Vendor@1x.png Graphic file (type png)
<use ./User Interface/UI-027Add Vendor@1x.png>
Package pdftex.def Info: ./User Interface/UI-027Add Vendor@1x.png  used on inpu
t line 4174.
(pdftex.def)             Requested size: 280.04842pt x 162.60875pt.
<./User Interface1/UI-027Add Vendor@1x.png, id=393, 684.30656pt x 383.93437pt>
File: ./User Interface1/UI-027Add Vendor@1x.png Graphic file (type png)
<use ./User Interface1/UI-027Add Vendor@1x.png>
Package pdftex.def Info: ./User Interface1/UI-027Add Vendor@1x.png  used on inp
ut line 4177.
(pdftex.def)             Requested size: 205.29355pt x 115.1812pt.
[87 <./User Interface/UI-026Update Category Inofrmation@1x.png> <./User Interfa
ce1/UI-026Update Category Inofrmation@1x.png>]
Underfull \hbox (badness 1648) in paragraph at lines 4208--4208
[]|\OT1/cmr/m/n/12 UI In-ter-face in
 []

<./User Interface/UI-028 Update Vendor Information@1x.png, id=400, 933.4875pt x
 542.025pt>
File: ./User Interface/UI-028 Update Vendor Information@1x.png Graphic file (ty
pe png)
<use ./User Interface/UI-028 Update Vendor Information@1x.png>
Package pdftex.def Info: ./User Interface/UI-028 Update Vendor Information@1x.p
ng  used on input line 4208.
(pdftex.def)             Requested size: 280.04842pt x 162.60875pt.
<./User Interface1/UI-028 Update Vendor Information@1x.png, id=401, 660.96938pt
 x 360.59718pt>
File: ./User Interface1/UI-028 Update Vendor Information@1x.png Graphic file (t
ype png)
<use ./User Interface1/UI-028 Update Vendor Information@1x.png>
Package pdftex.def Info: ./User Interface1/UI-028 Update Vendor Information@1x.
png  used on input line 4211.
(pdftex.def)             Requested size: 198.29234pt x 108.17998pt.
[88 <./User Interface/UI-027Add Vendor@1x.png> <./User Interface1/UI-027Add Ven
dor@1x.png>]
Underfull \hbox (badness 1648) in paragraph at lines 4242--4242
[]|\OT1/cmr/m/n/12 UI In-ter-face in
 []

<./User Interface/UI-029Add Stock.png, id=407, 933.4875pt x 542.025pt>
File: ./User Interface/UI-029Add Stock.png Graphic file (type png)
<use ./User Interface/UI-029Add Stock.png>
Package pdftex.def Info: ./User Interface/UI-029Add Stock.png  used on input li
ne 4242.
(pdftex.def)             Requested size: 280.04842pt x 162.60875pt.
<./User Interface1/UI-029Add Stock.png, id=408, 679.03688pt x 398.99063pt>
File: ./User Interface1/UI-029Add Stock.png Graphic file (type png)
<use ./User Interface1/UI-029Add Stock.png>
Package pdftex.def Info: ./User Interface1/UI-029Add Stock.png  used on input l
ine 4244.
(pdftex.def)             Requested size: 203.71263pt x 119.6981pt.
[89 <./User Interface/UI-028 Update Vendor Information@1x.png> <./User Interfac
e1/UI-028 Update Vendor Information@1x.png>]
Underfull \hbox (badness 1648) in paragraph at lines 4274--4274
[]|\OT1/cmr/m/n/12 UI In-ter-face in
 []

<./User Interface/UI-030Update Stock Information.png, id=414, 933.4875pt x 542.
025pt>
File: ./User Interface/UI-030Update Stock Information.png Graphic file (type pn
g)
<use ./User Interface/UI-030Update Stock Information.png>
Package pdftex.def Info: ./User Interface/UI-030Update Stock Information.png  u
sed on input line 4274.
(pdftex.def)             Requested size: 280.04842pt x 162.60875pt.
<./User Interface1/UI-030Update Stock Information.png, id=415, 640.64343pt x 32
8.97906pt>
File: ./User Interface1/UI-030Update Stock Information.png Graphic file (type p
ng)
<use ./User Interface1/UI-030Update Stock Information.png>
Package pdftex.def Info: ./User Interface1/UI-030Update Stock Information.png  
used on input line 4276.
(pdftex.def)             Requested size: 192.1945pt x 98.69447pt.
[90 <./User Interface/UI-029Add Stock.png> <./User Interface1/UI-029Add Stock.p
ng>]
Underfull \hbox (badness 1648) in paragraph at lines 4306--4306
[]|\OT1/cmr/m/n/12 UI In-ter-face in
 []

<./User Interface/UI-031 Order Summary@1x.png, id=421, 933.4875pt x 542.025pt>
File: ./User Interface/UI-031 Order Summary@1x.png Graphic file (type png)
<use ./User Interface/UI-031 Order Summary@1x.png>
Package pdftex.def Info: ./User Interface/UI-031 Order Summary@1x.png  used on 
input line 4306.
(pdftex.def)             Requested size: 280.04842pt x 162.60875pt.
<./User Interface1/UI-031 Order Summary@1x.png, id=422, 690.32906pt x 394.47375
pt>
File: ./User Interface1/UI-031 Order Summary@1x.png Graphic file (type png)
<use ./User Interface1/UI-031 Order Summary@1x.png>
Package pdftex.def Info: ./User Interface1/UI-031 Order Summary@1x.png  used on
 input line 4308.
(pdftex.def)             Requested size: 207.10031pt x 118.34303pt.
[91 <./User Interface/UI-030Update Stock Information.png> <./User Interface1/UI
-030Update Stock Information.png>]
Underfull \hbox (badness 1648) in paragraph at lines 4333--4333
[]|\OT1/cmr/m/n/12 UI In-ter-face in
 []

<./User Interface/UI-032 Order Details@1x.png, id=428, 933.4875pt x 542.025pt>
File: ./User Interface/UI-032 Order Details@1x.png Graphic file (type png)
<use ./User Interface/UI-032 Order Details@1x.png>
Package pdftex.def Info: ./User Interface/UI-032 Order Details@1x.png  used on 
input line 4333.
(pdftex.def)             Requested size: 280.04842pt x 162.60875pt.
<./User Interface1/UI-032 Order Details@1x.png, id=429, 690.32906pt x 399.74344
pt>
File: ./User Interface1/UI-032 Order Details@1x.png Graphic file (type png)
<use ./User Interface1/UI-032 Order Details@1x.png>
Package pdftex.def Info: ./User Interface1/UI-032 Order Details@1x.png  used on
 input line 4335.
(pdftex.def)             Requested size: 207.10031pt x 119.92395pt.
[92 <./User Interface/UI-031 Order Summary@1x.png> <./User Interface1/UI-031 Or
der Summary@1x.png> <./User Interface/UI-032 Order Details@1x.png>]
Underfull \hbox (badness 1648) in paragraph at lines 4361--4361
[]|\OT1/cmr/m/n/12 UI In-ter-face in
 []

<./User Interface/UI-033 Add Company @1x.png, id=436, 933.4875pt x 542.025pt>
File: ./User Interface/UI-033 Add Company @1x.png Graphic file (type png)
<use ./User Interface/UI-033 Add Company @1x.png>
Package pdftex.def Info: ./User Interface/UI-033 Add Company @1x.png  used on i
nput line 4362.
(pdftex.def)             Requested size: 280.04842pt x 162.60875pt.
<./User Interface1/UI-033 Add Company @1x.png, id=437, 672.26157pt x 368.1253pt
>
File: ./User Interface1/UI-033 Add Company @1x.png Graphic file (type png)
<use ./User Interface1/UI-033 Add Company @1x.png>
Package pdftex.def Info: ./User Interface1/UI-033 Add Company @1x.png  used on 
input line 4366.
(pdftex.def)             Requested size: 201.68002pt x 110.43843pt.
[93 <./User Interface1/UI-032 Order Details@1x.png> <./User Interface/UI-033 Ad
d Company @1x.png> <./User Interface1/UI-033 Add Company @1x.png>]
Overfull \hbox (68.20895pt too wide) in alignment at lines 4382--4384
 [] [] [] [] [] 
 []


Underfull \hbox (badness 10000) in paragraph at lines 4394--4394
[]| \OT1/cmr/bx/n/12 Soft-
 []


Underfull \hbox (badness 10000) in paragraph at lines 4394--4394
\OT1/cmr/bx/n/12 ware/
 []


Underfull \hbox (badness 10000) in paragraph at lines 4394--4394
[]|\OT1/cmr/bx/n/12 Is Ab-
 []


Underfull \hbox (badness 10000) in paragraph at lines 4394--4394
\OT1/cmr/bx/n/12 stract
 []


Underfull \hbox (badness 3199) in paragraph at lines 4394--4394
[]| \OT1/cmr/bx/n/12 Is Sin-
 []


Underfull \hbox (badness 10000) in paragraph at lines 4394--4394
\OT1/cmr/bx/n/12 gle-ton
 []


Underfull \hbox (badness 10000) in paragraph at lines 4394--4394
[]|\OT1/cmr/bx/n/12 Is the class
 []


Underfull \hbox (badness 10000) in paragraph at lines 4394--4394
\OT1/cmr/bx/n/12 will has
 []


Underfull \hbox (badness 10000) in paragraph at lines 4394--4394
\OT1/cmr/bx/n/12 parametrized
 []


Underfull \hbox (badness 10000) in paragraph at lines 4394--4394
\OT1/cmr/bx/n/12 con-struc-
 []


Package longtable Warning: Column widths have changed
(longtable)                in table 73 on input line 4413.

[94]
<Image.jpg, id=448, 706.13812pt x 486.31688pt>
File: Image.jpg Graphic file (type jpg)
<use Image.jpg>
Package pdftex.def Info: Image.jpg  used on input line 4463.
(pdftex.def)             Requested size: 564.91127pt x 389.05403pt.

Overfull \hbox (75.52385pt too wide) in paragraph at lines 4463--4464
 [][] 
 []

[95] [96 <./Image.jpg>]
Underfull \hbox (badness 10000) in paragraph at lines 4485--4489
[]|\OT1/cmr/m/n/12 U01,U02,U03,U04,U05,U06,U07,U08,U09,U010,U13,U14,
 []


Underfull \hbox (badness 10000) in paragraph at lines 4485--4489
\OT1/cmr/m/n/12 U15,U16,U17,U18,U19,U20,U21,U22,U25,U26,U27,U28,
 []


Underfull \hbox (badness 10000) in paragraph at lines 4490--4490
[]|\OT1/cmr/bx/n/12 Data Struc-
 []


Underfull \hbox (badness 10000) in paragraph at lines 4492--4492
[]|\OT1/cmr/bx/n/12 Time Com-
 []


Underfull \hbox (badness 10000) in paragraph at lines 4494--4494
[]|\OT1/cmr/bx/n/12 Space Com-
 []


Underfull \hbox (badness 10000) in paragraph at lines 4495--4495
[]|\OT1/cmr/bx/n/12 Justification
 []


Underfull \hbox (badness 10000) in paragraph at lines 4521--4521
[]|\OT1/cmr/bx/n/12 Available
 []

[97]
Underfull \hbox (badness 10000) in paragraph at lines 4544--4544
[]|\OT1/cmr/bx/n/12 Data Struc-
 []


Underfull \hbox (badness 10000) in paragraph at lines 4546--4546
[]|\OT1/cmr/bx/n/12 Time Com-
 []


Underfull \hbox (badness 10000) in paragraph at lines 4548--4548
[]|\OT1/cmr/bx/n/12 Space Com-
 []


Underfull \hbox (badness 10000) in paragraph at lines 4549--4549
[]|\OT1/cmr/bx/n/12 Justification
 []


Underfull \hbox (badness 10000) in paragraph at lines 4553--4553
[]|\OT1/cmr/bx/n/12 Available
 []


Underfull \hbox (badness 10000) in paragraph at lines 4572--4572
[]|\OT1/cmr/bx/n/12 Data Struc-
 []


Underfull \hbox (badness 10000) in paragraph at lines 4574--4574
[]|\OT1/cmr/bx/n/12 Time Com-
 []


Underfull \hbox (badness 10000) in paragraph at lines 4576--4576
[]|\OT1/cmr/bx/n/12 Space Com-
 []


Underfull \hbox (badness 10000) in paragraph at lines 4578--4578
[]|\OT1/cmr/bx/n/12 Justification
 []


Underfull \hbox (badness 10000) in paragraph at lines 4647--4647
[]|\OT1/cmr/bx/n/12 Available
 []

[98]
Underfull \hbox (badness 10000) in paragraph at lines 4670--4670
[]|\OT1/cmr/bx/n/12 Data Struc-
 []


Underfull \hbox (badness 10000) in paragraph at lines 4672--4672
[]|\OT1/cmr/bx/n/12 Time Com-
 []


Underfull \hbox (badness 10000) in paragraph at lines 4674--4674
[]|\OT1/cmr/bx/n/12 Space Com-
 []


Underfull \hbox (badness 10000) in paragraph at lines 4675--4675
[]|\OT1/cmr/bx/n/12 Justification
 []


Underfull \hbox (badness 10000) in paragraph at lines 4725--4725
[]|\OT1/cmr/bx/n/12 Available
 []

[99]
Overfull \hbox (55.80898pt too wide) in alignment at lines 4735--4737
 [] [] [] [] 
 []


Underfull \hbox (badness 10000) in paragraph at lines 4747--4747
[]|\OT1/cmr/bx/n/12 Type of
 []


Underfull \hbox (badness 10000) in paragraph at lines 4747--4747
\OT1/cmr/bx/n/12 Ex-cep-
 []


Underfull \hbox (badness 2521) in paragraph at lines 4747--4747
\OT1/cmr/bx/n/12 in which ex-
 []


Underfull \hbox (badness 2351) in paragraph at lines 4747--4747
\OT1/cmr/bx/n/12 cep-tion could
 []


Underfull \hbox (badness 10000) in paragraph at lines 4748--4748
[]|\OT1/cmr/m/n/12 Incorrect
 []


Underfull \hbox (badness 6608) in paragraph at lines 4750--4751
[]|\OT1/cmr/m/n/12 U02 U03 U04
 []


Underfull \hbox (badness 6608) in paragraph at lines 4750--4751
\OT1/cmr/m/n/12 U04 U05 U05
 []


Underfull \hbox (badness 6608) in paragraph at lines 4750--4751
\OT1/cmr/m/n/12 U11 U13 U14
 []


Underfull \hbox (badness 6608) in paragraph at lines 4750--4751
\OT1/cmr/m/n/12 U19 U20 U21
 []


Underfull \hbox (badness 6608) in paragraph at lines 4750--4751
\OT1/cmr/m/n/12 U22 U23 U24
 []


Underfull \hbox (badness 6608) in paragraph at lines 4750--4751
\OT1/cmr/m/n/12 U25 U26 U27
 []


Underfull \hbox (badness 6608) in paragraph at lines 4750--4751
\OT1/cmr/m/n/12 U28 U29 U30
 []


Underfull \hbox (badness 6608) in paragraph at lines 4750--4751
\OT1/cmr/m/n/12 U33 U34 U35
 []


Underfull \hbox (badness 6608) in paragraph at lines 4750--4751
\OT1/cmr/m/n/12 U36 U37 U38
 []


Underfull \hbox (badness 6608) in paragraph at lines 4750--4751
\OT1/cmr/m/n/12 U39 U40 U40
 []


Underfull \hbox (badness 10000) in paragraph at lines 4751--4751
[]|\OT1/cmr/m/n/12 Restrict the user
 []


Underfull \hbox (badness 10000) in paragraph at lines 4752--4752
[]|\OT1/cmr/m/n/12 File not
 []


Underfull \hbox (badness 6658) in paragraph at lines 4752--4752
[]|\OT1/cmr/m/n/12 Error msg will be
 []


Underfull \hbox (badness 10000) in paragraph at lines 4753--4753
[]|\OT1/cmr/m/n/12 Stack
 []


Underfull \hbox (badness 10000) in paragraph at lines 4753--4753
[]|\OT1/cmr/m/n/12 Almost All
 []


Underfull \hbox (badness 10000) in paragraph at lines 4753--4753
\OT1/cmr/m/n/12 UIs ex-cept
 []


Underfull \hbox (badness 6658) in paragraph at lines 4753--4753
[]|\OT1/cmr/m/n/12 Error msg will be
 []


Underfull \hbox (badness 7099) in paragraph at lines 4754--4754
\OT1/cmr/m/n/12 Of Range
 []


Underfull \hbox (badness 1178) in paragraph at lines 4754--4754
[]|\OT1/cmr/m/n/12 when an in-valid in-dex is
 []


Underfull \hbox (badness 6658) in paragraph at lines 4754--4754
[]|\OT1/cmr/m/n/12 Error msg will be
 []

[100]

Package longtable Warning: Column widths have changed
(longtable)                in table 78 on input line 4755.

[101] [102] [103] [104]
Underfull \hbox (badness 10000) in paragraph at lines 4986--4986
\OT1/cmr/bx/n/12 Case
 []


Underfull \hbox (badness 10000) in paragraph at lines 4986--4986
[]|\OT1/cmr/bx/n/12 Completion
 []


Overfull \hbox (1.84389pt too wide) in paragraph at lines 4987--4987
[]|\OT1/cmr/m/n/12 06/12/2022| 
 []


Overfull \hbox (1.84389pt too wide) in paragraph at lines 4988--4988
[]|\OT1/cmr/m/n/12 06/12/2022| 
 []


Overfull \hbox (1.84389pt too wide) in paragraph at lines 4989--4989
[]|\OT1/cmr/m/n/12 06/12/2022| 
 []


Overfull \hbox (1.84389pt too wide) in paragraph at lines 4991--4991
[]|\OT1/cmr/m/n/12 07/12/2022| 
 []


Overfull \hbox (1.84389pt too wide) in paragraph at lines 4992--4992
[]|\OT1/cmr/m/n/12 07/12/2022| 
 []


Overfull \hbox (1.84389pt too wide) in paragraph at lines 4993--4993
[]|\OT1/cmr/m/n/12 07/12/2022| 
 []


Overfull \hbox (1.84389pt too wide) in paragraph at lines 4995--4995
[]|\OT1/cmr/m/n/12 08/12/2022| 
 []


Overfull \hbox (1.84389pt too wide) in paragraph at lines 4996--4996
[]|\OT1/cmr/m/n/12 08/12/2022| 
 []


Overfull \hbox (1.84389pt too wide) in paragraph at lines 4997--4997
[]|\OT1/cmr/m/n/12 08/12/2022| 
 []


Overfull \hbox (1.84389pt too wide) in paragraph at lines 4999--4999
[]|\OT1/cmr/m/n/12 09/12/2022| 
 []


Overfull \hbox (1.84389pt too wide) in paragraph at lines 5000--5000
[]|\OT1/cmr/m/n/12 09/12/2022| 
 []


Overfull \hbox (1.84389pt too wide) in paragraph at lines 5001--5001
[]|\OT1/cmr/m/n/12 09/12/2022| 
 []


Overfull \hbox (1.84389pt too wide) in paragraph at lines 5003--5003
[]|\OT1/cmr/m/n/12 10/12/2022| 
 []


Overfull \hbox (1.84389pt too wide) in paragraph at lines 5004--5004
[]|\OT1/cmr/m/n/12 10/12/2022| 
 []


Overfull \hbox (1.84389pt too wide) in paragraph at lines 5005--5005
[]|\OT1/cmr/m/n/12 10/12/2022| 
 []


Overfull \hbox (1.84389pt too wide) in paragraph at lines 5007--5007
[]|\OT1/cmr/m/n/12 10/12/2022| 
 []


Overfull \hbox (1.84389pt too wide) in paragraph at lines 5008--5008
[]|\OT1/cmr/m/n/12 11/12/2022| 
 []


Overfull \hbox (1.84389pt too wide) in paragraph at lines 5009--5009
[]|\OT1/cmr/m/n/12 11/12/2022| 
 []


Overfull \hbox (1.84389pt too wide) in paragraph at lines 5011--5011
[]|\OT1/cmr/m/n/12 12/12/2022| 
 []


Overfull \hbox (1.84389pt too wide) in paragraph at lines 5012--5012
[]|\OT1/cmr/m/n/12 12/12/2022| 
 []


Overfull \hbox (1.84389pt too wide) in paragraph at lines 5013--5013
[]|\OT1/cmr/m/n/12 12/12/2022| 
 []


Overfull \hbox (1.84389pt too wide) in paragraph at lines 5015--5015
[]|\OT1/cmr/m/n/12 13/12/2022| 
 []


Overfull \hbox (1.84389pt too wide) in paragraph at lines 5016--5016
[]|\OT1/cmr/m/n/12 13/12/2022| 
 []


Overfull \hbox (1.84389pt too wide) in paragraph at lines 5017--5017
[]|\OT1/cmr/m/n/12 13/12/2022| 
 []


Overfull \hbox (1.84389pt too wide) in paragraph at lines 5019--5019
[]|\OT1/cmr/m/n/12 14/12/2022| 
 []


Overfull \hbox (1.84389pt too wide) in paragraph at lines 5020--5020
[]|\OT1/cmr/m/n/12 14/12/2022| 
 []


Overfull \hbox (1.84389pt too wide) in paragraph at lines 5021--5021
[]|\OT1/cmr/m/n/12 14/12/2022| 
 []


Overfull \hbox (1.84389pt too wide) in paragraph at lines 5024--5024
[]|\OT1/cmr/m/n/12 15/12/2022| 
 []


Overfull \hbox (1.84389pt too wide) in paragraph at lines 5025--5025
[]|\OT1/cmr/m/n/12 15/12/2022| 
 []


Overfull \hbox (1.84389pt too wide) in paragraph at lines 5026--5026
[]|\OT1/cmr/m/n/12 15/12/2022| 
 []


Overfull \hbox (1.84389pt too wide) in paragraph at lines 5028--5028
[]|\OT1/cmr/m/n/12 16/12/2022| 
 []


Overfull \hbox (1.84389pt too wide) in paragraph at lines 5029--5029
[]|\OT1/cmr/m/n/12 16/12/2022| 
 []


Overfull \hbox (1.84389pt too wide) in paragraph at lines 5030--5030
[]|\OT1/cmr/m/n/12 16/12/2022| 
 []


Overfull \hbox (1.84389pt too wide) in paragraph at lines 5032--5032
[]|\OT1/cmr/m/n/12 17/12/2022| 
 []


Overfull \hbox (1.84389pt too wide) in paragraph at lines 5033--5033
[]|\OT1/cmr/m/n/12 17/12/2022| 
 []


Overfull \hbox (1.84389pt too wide) in paragraph at lines 5034--5034
[]|\OT1/cmr/m/n/12 17/12/2022| 
 []


Overfull \hbox (1.84389pt too wide) in paragraph at lines 5036--5036
[]|\OT1/cmr/m/n/12 18/12/2022| 
 []


Overfull \hbox (1.84389pt too wide) in paragraph at lines 5037--5037
[]|\OT1/cmr/m/n/12 18/12/2022| 
 []


Overfull \hbox (1.84389pt too wide) in paragraph at lines 5038--5038
[]|\OT1/cmr/m/n/12 18/12/2022| 
 []


Overfull \hbox (1.84389pt too wide) in paragraph at lines 5040--5040
[]|\OT1/cmr/m/n/12 19/12/2022| 
 []


Overfull \hbox (1.84389pt too wide) in paragraph at lines 5041--5041
[]|\OT1/cmr/m/n/12 19/12/2022| 
 []


Package longtable Warning: Column widths have changed
(longtable)                in table 79 on input line 5042.

[105] [106]

Package longtable Warning: Table widths have changed. Rerun LaTeX.

[107] (MMS-FinalReport.aux) ) 
Here is how much of TeX's memory you used:
 3256 strings out of 475284
 68924 string characters out of 2770292
 450376 words of memory out of 3000000
 24693 multiletter control sequences out of 15000+600000
 474197 words of font info for 44 fonts, out of 8000000 for 9000
 1141 hyphenation exceptions out of 8191
 55i,11n,62p,769b,300s stack positions out of 10000i,1000n,20000p,200000b,80000s
 <C:\Users\Hammad Hassan\AppData\Local\MiKTeX\font
s/pk/ljfour/jknappen/ec/dpi600\tcrm1200.pk><C:/Users/Hammad Hassan/AppData/Loca
l/Programs/MiKTeX/fonts/type1/public/amsfonts/cm/cmbx12.pfb><C:/Users/Hammad Ha
ssan/AppData/Local/Programs/MiKTeX/fonts/type1/public/amsfonts/cm/cmmi12.pfb><C
:/Users/Hammad Hassan/AppData/Local/Programs/MiKTeX/fonts/type1/public/amsfonts
/cm/cmr12.pfb><C:/Users/Hammad Hassan/AppData/Local/Programs/MiKTeX/fonts/type1
/public/amsfonts/cm/cmsy10.pfb><C:/Users/Hammad Hassan/AppData/Local/Programs/M
iKTeX/fonts/type1/public/amsfonts/cm/cmti12.pfb>
Output written on MMS-FinalReport.pdf (111 pages, 1556422 bytes).
PDF statistics:
 522 PDF objects out of 1000 (max. 8388607)
 0 named destinations out of 1000 (max. 500000)
 331 words of extra memory for PDF output out of 10000 (max. 10000000)

