This is pdfTeX, Version 3.141592653-2.6-1.40.24 (MiKTeX 22.10) (preloaded format=pdflatex 2022.12.3)  3 DEC 2022 17:42
entering extended mode
 restricted \write18 enabled.
 %&-line parsing enabled.
**./MMS-Latex.tex
(MMS-Latex.tex
LaTeX2e <2022-06-01> patch level 5
L3 programming layer <2022-09-28>
(C:\Users\AA\AppData\Local\Programs\MiKTeX\tex/latex/base\report.cls
Document Class: report 2021/10/04 v1.4n Standard LaTeX document class
(C:\Users\AA\AppData\Local\Programs\MiKTeX\tex/latex/base\size12.clo
File: size12.clo 2021/10/04 v1.4n Standard LaTeX file (size option)
)
\c@part=\count185
\c@chapter=\count186
\c@section=\count187
\c@subsection=\count188
\c@subsubsection=\count189
\c@paragraph=\count190
\c@subparagraph=\count191
\c@figure=\count192
\c@table=\count193
\abovecaptionskip=\skip47
\belowcaptionskip=\skip48
\bibindent=\dimen138
)
(C:\Users\AA\AppData\Local\Programs\MiKTeX\tex/latex/graphics\graphicx.sty
Package: graphicx 2021/09/16 v1.2d Enhanced LaTeX Graphics (DPC,SPQR)

(C:\Users\AA\AppData\Local\Programs\MiKTeX\tex/latex/graphics\keyval.sty
Package: keyval 2022/05/29 v1.15 key=value parser (DPC)
\KV@toks@=\toks16
)
(C:\Users\AA\AppData\Local\Programs\MiKTeX\tex/latex/graphics\graphics.sty
Package: graphics 2022/03/10 v1.4e Standard LaTeX Graphics (DPC,SPQR)

(C:\Users\AA\AppData\Local\Programs\MiKTeX\tex/latex/graphics\trig.sty
Package: trig 2021/08/11 v1.11 sin cos tan (DPC)
)
(C:\Users\AA\AppData\Local\Programs\MiKTeX\tex/latex/graphics-cfg\graphics.cfg
File: graphics.cfg 2016/06/04 v1.11 sample graphics configuration
)
Package graphics Info: Driver file: pdftex.def on input line 107.
(C:\Users\AA\AppData\Local\Programs\MiKTeX\tex/latex/graphics-def\pdftex.def
File: pdftex.def 2022/09/22 v1.2b Graphics/color driver for pdftex
\stockwidth=\dimen139
\stockheight=\dimen140
))
\Gin@req@height=\dimen141
\Gin@req@width=\dimen142
) (C:\Users\AA\AppData\Local\Programs\MiKTeX\tex/latex/tools\tabularx.sty
Package: tabularx 2020/01/15 v2.11c `tabularx' package (DPC)

(C:\Users\AA\AppData\Local\Programs\MiKTeX\tex/latex/tools\array.sty
Package: array 2022/03/10 v2.5f Tabular extension package (FMi)
\col@sep=\dimen143
\ar@mcellbox=\box51
\extrarowheight=\dimen144
\NC@list=\toks17
\extratabsurround=\skip49
\backup@length=\skip50
\ar@cellbox=\box52
)
\TX@col@width=\dimen145
\TX@old@table=\dimen146
\TX@old@col=\dimen147
\TX@target=\dimen148
\TX@delta=\dimen149
\TX@cols=\count194
\TX@ftn=\toks18
)
(C:\Users\AA\AppData\Local\Programs\MiKTeX\tex/latex/l3backend\l3backend-pdftex
.def
File: l3backend-pdftex.def 2022-09-28 L3 backend support: PDF output (pdfTeX)
\l__color_backend_stack_int=\count195
\l__pdf_internal_box=\box53
) (MMS-Latex.aux)
\openout1 = `MMS-Latex.aux'.

LaTeX Font Info:    Checking defaults for OML/cmm/m/it on input line 6.
LaTeX Font Info:    ... okay on input line 6.
LaTeX Font Info:    Checking defaults for OMS/cmsy/m/n on input line 6.
LaTeX Font Info:    ... okay on input line 6.
LaTeX Font Info:    Checking defaults for OT1/cmr/m/n on input line 6.
LaTeX Font Info:    ... okay on input line 6.
LaTeX Font Info:    Checking defaults for T1/cmr/m/n on input line 6.
LaTeX Font Info:    ... okay on input line 6.
LaTeX Font Info:    Checking defaults for TS1/cmr/m/n on input line 6.
LaTeX Font Info:    ... okay on input line 6.
LaTeX Font Info:    Checking defaults for OMX/cmex/m/n on input line 6.
LaTeX Font Info:    ... okay on input line 6.
LaTeX Font Info:    Checking defaults for U/cmr/m/n on input line 6.
LaTeX Font Info:    ... okay on input line 6.

(C:\Users\AA\AppData\Local\Programs\MiKTeX\tex/context/base/mkii\supp-pdf.mkii
[Loading MPS to PDF converter (version 2006.09.02).]
\scratchcounter=\count196
\scratchdimen=\dimen150
\scratchbox=\box54
\nofMPsegments=\count197
\nofMParguments=\count198
\everyMPshowfont=\toks19
\MPscratchCnt=\count199
\MPscratchDim=\dimen151
\MPnumerator=\count266
\makeMPintoPDFobject=\count267
\everyMPtoPDFconversion=\toks20
)
(C:\Users\AA\AppData\Local\Programs\MiKTeX\tex/latex/epstopdf-pkg\epstopdf-base
.sty
Package: epstopdf-base 2020-01-24 v2.11 Base part for package epstopdf
Package epstopdf-base Info: Redefining graphics rule for `.eps' on input line 4
85.

(C:\Users\AA\AppData\Local\Programs\MiKTeX\tex/latex/00miktex\epstopdf-sys.cfg
File: epstopdf-sys.cfg 2021/03/18 v2.0 Configuration of epstopdf for MiKTeX
))
<UETLogo.png, id=1, 1705.572pt x 1720.026pt>
File: UETLogo.png Graphic file (type png)
<use UETLogo.png>
Package pdftex.def Info: UETLogo.png  used on input line 14.
(pdftex.def)             Requested size: 119.40224pt x 120.41412pt.
LaTeX Font Info:    External font `cmex10' loaded for size
(Font)              <12> on input line 16.
LaTeX Font Info:    External font `cmex10' loaded for size
(Font)              <8> on input line 16.
LaTeX Font Info:    External font `cmex10' loaded for size
(Font)              <6> on input line 16.
 [1

{C:/Users/AA/AppData/Local/MiKTeX/fonts/map/pdftex/pdftex.map} <./UETLogo.png>]
 (MMS-Latex.toc [2

] [3])
\tf@toc=\write3
\openout3 = `MMS-Latex.toc'.

 [1]
Chapter 1.
[1

] [2] [3]
Chapter 2.
[4

]
Chapter 3.
[5

]
Chapter 4.
[6

]
Chapter 5.

Overfull \hbox (61.9913pt too wide) in paragraph at lines 133--191
[]
 []


Overfull \hbox (61.9913pt too wide) in paragraph at lines 133--191
[] 
 []

[7

]
Overfull \hbox (61.9913pt too wide) in paragraph at lines 193--263
[]
 []


Overfull \hbox (61.9913pt too wide) in paragraph at lines 193--263
[]
 []


Overfull \hbox (61.9913pt too wide) in paragraph at lines 193--263
[] 
 []

[8] [9]
Overfull \hbox (61.9913pt too wide) in paragraph at lines 265--346
[]
 []


Overfull \hbox (61.9913pt too wide) in paragraph at lines 265--346
[] 
 []

[10]
Overfull \hbox (79.61612pt too wide) in paragraph at lines 347--366
[][] 
 []

[11]
Overfull \hbox (61.9913pt too wide) in paragraph at lines 368--449
[]
 []


Overfull \hbox (61.9913pt too wide) in paragraph at lines 368--449
[] 
 []

[12] [13]
Overfull \hbox (79.61612pt too wide) in paragraph at lines 450--468
[][] 
 []

[14]
Overfull \hbox (61.9913pt too wide) in paragraph at lines 474--490
[] 
 []


Overfull \hbox (79.61612pt too wide) in paragraph at lines 491--574
[][]
 []


Overfull \hbox (61.9913pt too wide) in paragraph at lines 491--574
[] 
 []

[15] [16]
Overfull \hbox (61.9913pt too wide) in paragraph at lines 575--671
[]
 []


Overfull \hbox (61.9913pt too wide) in paragraph at lines 575--671
[]
 []


Overfull \hbox (61.9913pt too wide) in paragraph at lines 575--671
[] 
 []

[17]
Overfull \vbox (79.90988pt too high) has occurred while \output is active []


[18] [19]
Overfull \hbox (61.9913pt too wide) in paragraph at lines 672--766
[]
 []


Overfull \hbox (61.9913pt too wide) in paragraph at lines 672--766
[]
 []


Overfull \hbox (61.9913pt too wide) in paragraph at lines 672--766
[] 
 []

[20] [21]
Overfull \hbox (61.9913pt too wide) in paragraph at lines 768--845
[]
 []


Overfull \hbox (61.9913pt too wide) in paragraph at lines 768--845
[] 
 []

[22] [23]
Overfull \hbox (61.9913pt too wide) in paragraph at lines 847--915
[]
 []


Overfull \hbox (61.9913pt too wide) in paragraph at lines 847--915
[]
 []


Overfull \hbox (61.9913pt too wide) in paragraph at lines 847--915
[] 
 []

[24] [25]
Overfull \hbox (61.9913pt too wide) in paragraph at lines 920--990
[]
 []


Overfull \hbox (61.9913pt too wide) in paragraph at lines 920--990
[] 
 []

[26]
Overfull \hbox (79.61612pt too wide) in paragraph at lines 991--1009
[][] 
 []

[27]
Overfull \hbox (61.9913pt too wide) in paragraph at lines 1016--1062
[]
 []


Overfull \hbox (61.9913pt too wide) in paragraph at lines 1016--1062
[] 
 []

[28]
Overfull \hbox (61.9913pt too wide) in paragraph at lines 1066--1113
[]
 []


Overfull \hbox (61.9913pt too wide) in paragraph at lines 1066--1113
[] 
 []

[29]
Overfull \hbox (61.9913pt too wide) in paragraph at lines 1116--1189
[]
 []


Overfull \hbox (61.9913pt too wide) in paragraph at lines 1116--1189
[] 
 []

[30]
Overfull \hbox (61.9913pt too wide) in paragraph at lines 1193--1264
[]
 []


Overfull \hbox (61.9913pt too wide) in paragraph at lines 1193--1264
[]
 []


Overfull \hbox (61.9913pt too wide) in paragraph at lines 1193--1264
[] 
 []

[31] [32]
Overfull \hbox (61.9913pt too wide) in paragraph at lines 1268--1292
[] 
 []


Overfull \hbox (79.61612pt too wide) in paragraph at lines 1293--1358
[][]
 []


Overfull \hbox (61.9913pt too wide) in paragraph at lines 1293--1358
[] 
 []

[33] [34]
Underfull \hbox (badness 1648) in paragraph at lines 1372--1372
[]|\OT1/cmr/m/n/12 UI In-ter-face in
 []

<./UIs for Latex Reports/UI-016 ViewAndDelete Warehouse@1x.png, id=129, 933.487
5pt x 542.025pt>
File: ./UIs for Latex Reports/UI-016 ViewAndDelete Warehouse@1x.png Graphic fil
e (type png)
<use ./UIs for Latex Reports/UI-016 ViewAndDelete Warehouse@1x.png>
Package pdftex.def Info: ./UIs for Latex Reports/UI-016 ViewAndDelete Warehouse
@1x.png  used on input line 1372.
(pdftex.def)             Requested size: 280.04842pt x 162.60875pt.

Overfull \hbox (61.9913pt too wide) in paragraph at lines 1362--1404
[] 
 []

[35]
Overfull \vbox (4.72195pt too high) has occurred while \output is active []


[36 <./UIs for Latex Reports/UI-016 ViewAndDelete Warehouse@1x.png>]
Underfull \hbox (badness 1648) in paragraph at lines 1416--1416
[]|\OT1/cmr/m/n/12 UI In-ter-face in
 []

<./UIs for Latex Reports/UI-015 EditWarehouse@1x.png, id=137, 933.4875pt x 542.
025pt>
File: ./UIs for Latex Reports/UI-015 EditWarehouse@1x.png Graphic file (type pn
g)
<use ./UIs for Latex Reports/UI-015 EditWarehouse@1x.png>
Package pdftex.def Info: ./UIs for Latex Reports/UI-015 EditWarehouse@1x.png  u
sed on input line 1416.
(pdftex.def)             Requested size: 280.04842pt x 162.60875pt.

Overfull \hbox (61.9913pt too wide) in paragraph at lines 1406--1448
[] 
 []


Underfull \hbox (badness 1648) in paragraph at lines 1460--1460
[]|\OT1/cmr/m/n/12 UI In-ter-face in
 []

<./UIs for Latex Reports/UI-023 OrderStatus@1x.png, id=138, 933.4875pt x 542.02
5pt>
File: ./UIs for Latex Reports/UI-023 OrderStatus@1x.png Graphic file (type png)

<use ./UIs for Latex Reports/UI-023 OrderStatus@1x.png>
Package pdftex.def Info: ./UIs for Latex Reports/UI-023 OrderStatus@1x.png  use
d on input line 1460.
(pdftex.def)             Requested size: 280.04842pt x 162.60875pt.

Overfull \hbox (61.9913pt too wide) in paragraph at lines 1450--1476
[] 
 []

[37 <./UIs for Latex Reports/UI-015 EditWarehouse@1x.png>]
Underfull \hbox (badness 1648) in paragraph at lines 1488--1488
[]|\OT1/cmr/m/n/12 UI In-ter-face in
 []

<./UIs for Latex Reports/UI-024 Route Finder@1x.png, id=143, 933.4875pt x 542.0
25pt>
File: ./UIs for Latex Reports/UI-024 Route Finder@1x.png Graphic file (type png
)
<use ./UIs for Latex Reports/UI-024 Route Finder@1x.png>
Package pdftex.def Info: ./UIs for Latex Reports/UI-024 Route Finder@1x.png  us
ed on input line 1488.
(pdftex.def)             Requested size: 280.04842pt x 162.60875pt.

Overfull \hbox (61.9913pt too wide) in paragraph at lines 1478--1507
[] 
 []

[38 <./UIs for Latex Reports/UI-023 OrderStatus@1x.png>]
Underfull \hbox (badness 1648) in paragraph at lines 1519--1519
[]|\OT1/cmr/m/n/12 UI In-ter-face in
 []

<./UIs for Latex Reports/UI-025 Add ShopKeeper@1x.png, id=148, 933.4875pt x 542
.025pt>
File: ./UIs for Latex Reports/UI-025 Add ShopKeeper@1x.png Graphic file (type p
ng)
<use ./UIs for Latex Reports/UI-025 Add ShopKeeper@1x.png>
Package pdftex.def Info: ./UIs for Latex Reports/UI-025 Add ShopKeeper@1x.png  
used on input line 1519.
(pdftex.def)             Requested size: 280.04842pt x 162.60875pt.

Overfull \hbox (61.9913pt too wide) in paragraph at lines 1509--1556
[] 
 []

[39 <./UIs for Latex Reports/UI-024 Route Finder@1x.png>]
Overfull \vbox (116.72195pt too high) has occurred while \output is active []


[40 <./UIs for Latex Reports/UI-025 Add ShopKeeper@1x.png>]
Underfull \hbox (badness 1648) in paragraph at lines 1568--1568
[]|\OT1/cmr/m/n/12 UI In-ter-face in
 []

<./UIs for Latex Reports/UI-026 Add Payment@1x.png, id=158, 933.4875pt x 542.02
5pt>
File: ./UIs for Latex Reports/UI-026 Add Payment@1x.png Graphic file (type png)

<use ./UIs for Latex Reports/UI-026 Add Payment@1x.png>
Package pdftex.def Info: ./UIs for Latex Reports/UI-026 Add Payment@1x.png  use
d on input line 1568.
(pdftex.def)             Requested size: 280.04842pt x 162.60875pt.

Overfull \hbox (61.9913pt too wide) in paragraph at lines 1558--1572
[] 
 []

[41 <./UIs for Latex Reports/UI-026 Add Payment@1x.png>]
Overfull \hbox (79.61612pt too wide) in paragraph at lines 1572--1606
[][] 
 []


Underfull \hbox (badness 1648) in paragraph at lines 1618--1618
[]|\OT1/cmr/m/n/12 UI In-ter-face in
 []

<./UIs for Latex Reports/UI-027 Add Withdraw Expenses@1x.png, id=163, 933.4875p
t x 542.025pt>
File: ./UIs for Latex Reports/UI-027 Add Withdraw Expenses@1x.png Graphic file 
(type png)
<use ./UIs for Latex Reports/UI-027 Add Withdraw Expenses@1x.png>
Package pdftex.def Info: ./UIs for Latex Reports/UI-027 Add Withdraw Expenses@1
x.png  used on input line 1618.
(pdftex.def)             Requested size: 280.04842pt x 162.60875pt.

Overfull \hbox (61.9913pt too wide) in paragraph at lines 1608--1622
[] 
 []

[42] [43 <./UIs for Latex Reports/UI-027 Add Withdraw Expenses@1x.png>]
Overfull \hbox (79.61612pt too wide) in paragraph at lines 1622--1656
[][] 
 []


Underfull \hbox (badness 1648) in paragraph at lines 1669--1669
[]|\OT1/cmr/m/n/12 UI In-ter-face in
 []

<./UIs for Latex Reports/UI-004 Create Account@1x.png, id=171, 933.4875pt x 542
.025pt>
File: ./UIs for Latex Reports/UI-004 Create Account@1x.png Graphic file (type p
ng)
<use ./UIs for Latex Reports/UI-004 Create Account@1x.png>
Package pdftex.def Info: ./UIs for Latex Reports/UI-004 Create Account@1x.png  
used on input line 1669.
(pdftex.def)             Requested size: 280.04842pt x 162.60875pt.

Overfull \hbox (61.9913pt too wide) in paragraph at lines 1659--1689
[] 
 []

[44] [45 <./UIs for Latex Reports/UI-004 Create Account@1x.png>]
Chapter 6.

Underfull \hbox (badness 1648) in paragraph at lines 1701--1701
[]|\OT1/cmr/m/n/12 UI In-ter-face in
 []

<./UIs for Latex Reports/UI-001 Intro@1x.png, id=180, 933.4875pt x 543.02875pt>

File: ./UIs for Latex Reports/UI-001 Intro@1x.png Graphic file (type png)
<use ./UIs for Latex Reports/UI-001 Intro@1x.png>
Package pdftex.def Info: ./UIs for Latex Reports/UI-001 Intro@1x.png  used on i
nput line 1701.
(pdftex.def)             Requested size: 280.04842pt x 162.90987pt.

Overfull \hbox (61.9913pt too wide) in paragraph at lines 1693--1704
[] 
 []


Underfull \hbox (badness 1648) in paragraph at lines 1714--1714
[]|\OT1/cmr/m/n/12 UI In-ter-face in
 []

<./UIs for Latex Reports/UI-002 Login@1x.png, id=181, 933.4875pt x 542.025pt>
File: ./UIs for Latex Reports/UI-002 Login@1x.png Graphic file (type png)
<use ./UIs for Latex Reports/UI-002 Login@1x.png>
Package pdftex.def Info: ./UIs for Latex Reports/UI-002 Login@1x.png  used on i
nput line 1714.
(pdftex.def)             Requested size: 280.04842pt x 162.60875pt.

Overfull \hbox (61.9913pt too wide) in paragraph at lines 1706--1726
[] 
 []

[46

 <./UIs for Latex Reports/UI-001 Intro@1x.png>]
Underfull \hbox (badness 1648) in paragraph at lines 1736--1736
[]|\OT1/cmr/m/n/12 UI In-ter-face in
 []

<./UIs for Latex Reports/UI-003 Forgot password@1x.png, id=186, 933.4875pt x 54
2.025pt>
File: ./UIs for Latex Reports/UI-003 Forgot password@1x.png Graphic file (type 
png)
<use ./UIs for Latex Reports/UI-003 Forgot password@1x.png>
Package pdftex.def Info: ./UIs for Latex Reports/UI-003 Forgot password@1x.png 
 used on input line 1736.
(pdftex.def)             Requested size: 280.04842pt x 162.60875pt.

Overfull \hbox (61.9913pt too wide) in paragraph at lines 1728--1748
[] 
 []

[47 <./UIs for Latex Reports/UI-002 Login@1x.png>]
Underfull \hbox (badness 1648) in paragraph at lines 1758--1758
[]|\OT1/cmr/m/n/12 UI In-ter-face in
 []

File: ./UIs for Latex Reports/UI-004 Create Account@1x.png Graphic file (type p
ng)
<use ./UIs for Latex Reports/UI-004 Create Account@1x.png>
Package pdftex.def Info: ./UIs for Latex Reports/UI-004 Create Account@1x.png  
used on input line 1758.
(pdftex.def)             Requested size: 280.04842pt x 162.60875pt.

Overfull \hbox (61.9913pt too wide) in paragraph at lines 1750--1774
[] 
 []

[48 <./UIs for Latex Reports/UI-003 Forgot password@1x.png>]
Underfull \hbox (badness 1648) in paragraph at lines 1785--1785
[]|\OT1/cmr/m/n/12 UI In-ter-face in
 []

<./UIs for Latex Reports/UI-005 Update Account@1x.png, id=195, 933.4875pt x 542
.025pt>
File: ./UIs for Latex Reports/UI-005 Update Account@1x.png Graphic file (type p
ng)
<use ./UIs for Latex Reports/UI-005 Update Account@1x.png>
Package pdftex.def Info: ./UIs for Latex Reports/UI-005 Update Account@1x.png  
used on input line 1785.
(pdftex.def)             Requested size: 280.04842pt x 162.60875pt.

Overfull \hbox (61.9913pt too wide) in paragraph at lines 1777--1801
[] 
 []

[49]
Underfull \hbox (badness 1648) in paragraph at lines 1811--1811
[]|\OT1/cmr/m/n/12 UI In-ter-face in
 []

<./UIs for Latex Reports/UI-006 ViewsAndDelete Account@1x.png, id=199, 933.4875
pt x 542.025pt>
File: ./UIs for Latex Reports/UI-006 ViewsAndDelete Account@1x.png Graphic file
 (type png)
<use ./UIs for Latex Reports/UI-006 ViewsAndDelete Account@1x.png>
Package pdftex.def Info: ./UIs for Latex Reports/UI-006 ViewsAndDelete Account@
1x.png  used on input line 1811.
(pdftex.def)             Requested size: 280.04842pt x 162.60875pt.

Overfull \hbox (61.9913pt too wide) in paragraph at lines 1803--1824
[] 
 []

[50 <./UIs for Latex Reports/UI-005 Update Account@1x.png>]
Underfull \hbox (badness 1648) in paragraph at lines 1834--1834
[]|\OT1/cmr/m/n/12 UI In-ter-face in
 []

<./UIs for Latex Reports/UI-007 CEO Dashboard@1x.png, id=204, 933.4875pt x 542.
025pt>
File: ./UIs for Latex Reports/UI-007 CEO Dashboard@1x.png Graphic file (type pn
g)
<use ./UIs for Latex Reports/UI-007 CEO Dashboard@1x.png>
Package pdftex.def Info: ./UIs for Latex Reports/UI-007 CEO Dashboard@1x.png  u
sed on input line 1834.
(pdftex.def)             Requested size: 280.04842pt x 162.60875pt.

Overfull \hbox (61.9913pt too wide) in paragraph at lines 1826--1838
[] 
 []

[51 <./UIs for Latex Reports/UI-006 ViewsAndDelete Account@1x.png>]
Underfull \hbox (badness 1648) in paragraph at lines 1848--1848
[]|\OT1/cmr/m/n/12 UI In-ter-face in
 []

<./UIs for Latex Reports/UI-008 Add Product@1x.png, id=210, 933.4875pt x 542.02
5pt>
File: ./UIs for Latex Reports/UI-008 Add Product@1x.png Graphic file (type png)

<use ./UIs for Latex Reports/UI-008 Add Product@1x.png>
Package pdftex.def Info: ./UIs for Latex Reports/UI-008 Add Product@1x.png  use
d on input line 1848.
(pdftex.def)             Requested size: 280.04842pt x 162.60875pt.

Overfull \hbox (61.9913pt too wide) in paragraph at lines 1840--1867
[] 
 []

[52 <./UIs for Latex Reports/UI-007 CEO Dashboard@1x.png>]
Underfull \hbox (badness 1648) in paragraph at lines 1877--1877
[]|\OT1/cmr/m/n/12 UI In-ter-face in
 []

<./UIs for Latex Reports/UI-009 Update Product@1x.png, id=215, 933.4875pt x 542
.025pt>
File: ./UIs for Latex Reports/UI-009 Update Product@1x.png Graphic file (type p
ng)
<use ./UIs for Latex Reports/UI-009 Update Product@1x.png>
Package pdftex.def Info: ./UIs for Latex Reports/UI-009 Update Product@1x.png  
used on input line 1877.
(pdftex.def)             Requested size: 280.04842pt x 162.60875pt.

Overfull \hbox (61.9913pt too wide) in paragraph at lines 1869--1896
[] 
 []

[53 <./UIs for Latex Reports/UI-008 Add Product@1x.png>]
Underfull \hbox (badness 1648) in paragraph at lines 1906--1906
[]|\OT1/cmr/m/n/12 UI In-ter-face in
 []

<./UIs for Latex Reports/UI-010 ViewAndDelete Products@1x.png, id=220, 933.4875
pt x 542.025pt>
File: ./UIs for Latex Reports/UI-010 ViewAndDelete Products@1x.png Graphic file
 (type png)
<use ./UIs for Latex Reports/UI-010 ViewAndDelete Products@1x.png>
Package pdftex.def Info: ./UIs for Latex Reports/UI-010 ViewAndDelete Products@
1x.png  used on input line 1906.
(pdftex.def)             Requested size: 280.04842pt x 162.60875pt.

Overfull \hbox (61.9913pt too wide) in paragraph at lines 1898--1919
[] 
 []

[54 <./UIs for Latex Reports/UI-009 Update Product@1x.png>]
Underfull \hbox (badness 1648) in paragraph at lines 1929--1929
[]|\OT1/cmr/m/n/12 UI In-ter-face in
 []

<./UIs for Latex Reports/UI-011 Order Product@1x.png, id=225, 933.4875pt x 542.
025pt>
File: ./UIs for Latex Reports/UI-011 Order Product@1x.png Graphic file (type pn
g)
<use ./UIs for Latex Reports/UI-011 Order Product@1x.png>
Package pdftex.def Info: ./UIs for Latex Reports/UI-011 Order Product@1x.png  u
sed on input line 1929.
(pdftex.def)             Requested size: 280.04842pt x 162.60875pt.

Overfull \hbox (61.9913pt too wide) in paragraph at lines 1921--1943
[] 
 []

[55 <./UIs for Latex Reports/UI-010 ViewAndDelete Products@1x.png>]
Underfull \hbox (badness 1648) in paragraph at lines 1953--1953
[]|\OT1/cmr/m/n/12 UI In-ter-face in
 []

<./UIs for Latex Reports/UI-012 Order Summery@1x.png, id=230, 933.4875pt x 542.
025pt>
File: ./UIs for Latex Reports/UI-012 Order Summery@1x.png Graphic file (type pn
g)
<use ./UIs for Latex Reports/UI-012 Order Summery@1x.png>
Package pdftex.def Info: ./UIs for Latex Reports/UI-012 Order Summery@1x.png  u
sed on input line 1953.
(pdftex.def)             Requested size: 280.04842pt x 162.60875pt.

Overfull \hbox (61.9913pt too wide) in paragraph at lines 1945--1968
[] 
 []

[56 <./UIs for Latex Reports/UI-011 Order Product@1x.png>]
Underfull \hbox (badness 1648) in paragraph at lines 1978--1978
[]|\OT1/cmr/m/n/12 UI In-ter-face in
 []

<./UIs for Latex Reports/UI-013 SendEmail@1x.png, id=235, 933.4875pt x 542.025p
t>
File: ./UIs for Latex Reports/UI-013 SendEmail@1x.png Graphic file (type png)
<use ./UIs for Latex Reports/UI-013 SendEmail@1x.png>
Package pdftex.def Info: ./UIs for Latex Reports/UI-013 SendEmail@1x.png  used 
on input line 1978.
(pdftex.def)             Requested size: 280.04842pt x 162.60875pt.

Overfull \hbox (61.9913pt too wide) in paragraph at lines 1970--1991
[] 
 []

[57 <./UIs for Latex Reports/UI-012 Order Summery@1x.png>]
Underfull \hbox (badness 1648) in paragraph at lines 2001--2001
[]|\OT1/cmr/m/n/12 UI In-ter-face in
 []

<./UIs for Latex Reports/UI-014 AddWarehouse@1x.png, id=241, 933.4875pt x 542.0
25pt>
File: ./UIs for Latex Reports/UI-014 AddWarehouse@1x.png Graphic file (type png
)
<use ./UIs for Latex Reports/UI-014 AddWarehouse@1x.png>
Package pdftex.def Info: ./UIs for Latex Reports/UI-014 AddWarehouse@1x.png  us
ed on input line 2001.
(pdftex.def)             Requested size: 280.04842pt x 162.60875pt.

Overfull \hbox (61.9913pt too wide) in paragraph at lines 1993--2014
[] 
 []

[58 <./UIs for Latex Reports/UI-013 SendEmail@1x.png>]
Underfull \hbox (badness 1648) in paragraph at lines 2024--2024
[]|\OT1/cmr/m/n/12 UI In-ter-face in
 []

File: ./UIs for Latex Reports/UI-015 EditWarehouse@1x.png Graphic file (type pn
g)
<use ./UIs for Latex Reports/UI-015 EditWarehouse@1x.png>
Package pdftex.def Info: ./UIs for Latex Reports/UI-015 EditWarehouse@1x.png  u
sed on input line 2024.
(pdftex.def)             Requested size: 280.04842pt x 162.60875pt.

Overfull \hbox (61.9913pt too wide) in paragraph at lines 2016--2037
[] 
 []

[59 <./UIs for Latex Reports/UI-014 AddWarehouse@1x.png>]
Underfull \hbox (badness 1648) in paragraph at lines 2047--2047
[]|\OT1/cmr/m/n/12 UI In-ter-face in
 []

File: ./UIs for Latex Reports/UI-016 ViewAndDelete Warehouse@1x.png Graphic fil
e (type png)
<use ./UIs for Latex Reports/UI-016 ViewAndDelete Warehouse@1x.png>
Package pdftex.def Info: ./UIs for Latex Reports/UI-016 ViewAndDelete Warehouse
@1x.png  used on input line 2047.
(pdftex.def)             Requested size: 280.04842pt x 162.60875pt.

Overfull \hbox (61.9913pt too wide) in paragraph at lines 2039--2060
[] 
 []

[60]
Underfull \hbox (badness 1648) in paragraph at lines 2070--2070
[]|\OT1/cmr/m/n/12 UI In-ter-face in
 []

<./UIs for Latex Reports/UI-017 Warehouse Manager Dashboard@1x.png, id=253, 933
.4875pt x 542.025pt>
File: ./UIs for Latex Reports/UI-017 Warehouse Manager Dashboard@1x.png Graphic
 file (type png)
<use ./UIs for Latex Reports/UI-017 Warehouse Manager Dashboard@1x.png>
Package pdftex.def Info: ./UIs for Latex Reports/UI-017 Warehouse Manager Dashb
oard@1x.png  used on input line 2070.
(pdftex.def)             Requested size: 280.04842pt x 162.60875pt.

Overfull \hbox (61.9913pt too wide) in paragraph at lines 2062--2075
[] 
 []

[61]
Underfull \hbox (badness 1648) in paragraph at lines 2085--2085
[]|\OT1/cmr/m/n/12 UI In-ter-face in
 []

<./UIs for Latex Reports/UI-018 Employee Dashboard@1x.png, id=257, 933.4875pt x
 542.025pt>
File: ./UIs for Latex Reports/UI-018 Employee Dashboard@1x.png Graphic file (ty
pe png)
<use ./UIs for Latex Reports/UI-018 Employee Dashboard@1x.png>
Package pdftex.def Info: ./UIs for Latex Reports/UI-018 Employee Dashboard@1x.p
ng  used on input line 2085.
(pdftex.def)             Requested size: 280.04842pt x 162.60875pt.

Overfull \hbox (61.9913pt too wide) in paragraph at lines 2077--2089
[] 
 []


Underfull \hbox (badness 1648) in paragraph at lines 2099--2099
[]|\OT1/cmr/m/n/12 UI In-ter-face in
 []

<./UIs for Latex Reports/UI-019 Rider Dashboard@1x.png, id=258, 933.4875pt x 54
2.025pt>
File: ./UIs for Latex Reports/UI-019 Rider Dashboard@1x.png Graphic file (type 
png)
<use ./UIs for Latex Reports/UI-019 Rider Dashboard@1x.png>
Package pdftex.def Info: ./UIs for Latex Reports/UI-019 Rider Dashboard@1x.png 
 used on input line 2099.
(pdftex.def)             Requested size: 280.04842pt x 162.60875pt.

Overfull \hbox (61.9913pt too wide) in paragraph at lines 2091--2103
[] 
 []

[62 <./UIs for Latex Reports/UI-017 Warehouse Manager Dashboard@1x.png> <./UIs 
for Latex Reports/UI-018 Employee Dashboard@1x.png>]
Underfull \hbox (badness 1648) in paragraph at lines 2113--2113
[]|\OT1/cmr/m/n/12 UI In-ter-face in
 []

<./UIs for Latex Reports/UI-020 AddRider@1x.png, id=264, 933.4875pt x 542.025pt
>
File: ./UIs for Latex Reports/UI-020 AddRider@1x.png Graphic file (type png)
<use ./UIs for Latex Reports/UI-020 AddRider@1x.png>
Package pdftex.def Info: ./UIs for Latex Reports/UI-020 AddRider@1x.png  used o
n input line 2113.
(pdftex.def)             Requested size: 280.04842pt x 162.60875pt.

Overfull \hbox (61.9913pt too wide) in paragraph at lines 2105--2131
[] 
 []

[63 <./UIs for Latex Reports/UI-019 Rider Dashboard@1x.png>]
Underfull \hbox (badness 1648) in paragraph at lines 2141--2141
[]|\OT1/cmr/m/n/12 UI In-ter-face in
 []

<./UIs for Latex Reports/UI-021 UpdateRider@1x.png, id=270, 933.4875pt x 542.02
5pt>
File: ./UIs for Latex Reports/UI-021 UpdateRider@1x.png Graphic file (type png)

<use ./UIs for Latex Reports/UI-021 UpdateRider@1x.png>
Package pdftex.def Info: ./UIs for Latex Reports/UI-021 UpdateRider@1x.png  use
d on input line 2141.
(pdftex.def)             Requested size: 280.04842pt x 162.60875pt.

Overfull \hbox (61.9913pt too wide) in paragraph at lines 2133--2160
[] 
 []

[64 <./UIs for Latex Reports/UI-020 AddRider@1x.png>]
Underfull \hbox (badness 1648) in paragraph at lines 2170--2170
[]|\OT1/cmr/m/n/12 UI In-ter-face in
 []

File: ./UIs for Latex Reports/UI-023 OrderStatus@1x.png Graphic file (type png)

<use ./UIs for Latex Reports/UI-023 OrderStatus@1x.png>
Package pdftex.def Info: ./UIs for Latex Reports/UI-023 OrderStatus@1x.png  use
d on input line 2170.
(pdftex.def)             Requested size: 280.04842pt x 162.60875pt.

Overfull \hbox (61.9913pt too wide) in paragraph at lines 2162--2174
[] 
 []

[65 <./UIs for Latex Reports/UI-021 UpdateRider@1x.png>]
Underfull \hbox (badness 1648) in paragraph at lines 2184--2184
[]|\OT1/cmr/m/n/12 UI In-ter-face in
 []

File: ./UIs for Latex Reports/UI-024 Route Finder@1x.png Graphic file (type png
)
<use ./UIs for Latex Reports/UI-024 Route Finder@1x.png>
Package pdftex.def Info: ./UIs for Latex Reports/UI-024 Route Finder@1x.png  us
ed on input line 2184.
(pdftex.def)             Requested size: 280.04842pt x 162.60875pt.

Overfull \hbox (61.9913pt too wide) in paragraph at lines 2176--2197
[] 
 []

[66]
Underfull \hbox (badness 1648) in paragraph at lines 2207--2207
[]|\OT1/cmr/m/n/12 UI In-ter-face in
 []

File: ./UIs for Latex Reports/UI-025 Add ShopKeeper@1x.png Graphic file (type p
ng)
<use ./UIs for Latex Reports/UI-025 Add ShopKeeper@1x.png>
Package pdftex.def Info: ./UIs for Latex Reports/UI-025 Add ShopKeeper@1x.png  
used on input line 2207.
(pdftex.def)             Requested size: 280.04842pt x 162.60875pt.

Overfull \hbox (61.9913pt too wide) in paragraph at lines 2199--2222
[] 
 []

[67]
Underfull \hbox (badness 1648) in paragraph at lines 2232--2232
[]|\OT1/cmr/m/n/12 UI In-ter-face in
 []

File: ./UIs for Latex Reports/UI-026 Add Payment@1x.png Graphic file (type png)

<use ./UIs for Latex Reports/UI-026 Add Payment@1x.png>
Package pdftex.def Info: ./UIs for Latex Reports/UI-026 Add Payment@1x.png  use
d on input line 2232.
(pdftex.def)             Requested size: 280.04842pt x 162.60875pt.

Overfull \hbox (61.9913pt too wide) in paragraph at lines 2224--2246
[] 
 []

[68]
Underfull \hbox (badness 1648) in paragraph at lines 2256--2256
[]|\OT1/cmr/m/n/12 UI In-ter-face in
 []

File: ./UIs for Latex Reports/UI-027 Add Withdraw Expenses@1x.png Graphic file 
(type png)
<use ./UIs for Latex Reports/UI-027 Add Withdraw Expenses@1x.png>
Package pdftex.def Info: ./UIs for Latex Reports/UI-027 Add Withdraw Expenses@1
x.png  used on input line 2256.
(pdftex.def)             Requested size: 280.04842pt x 162.60875pt.

Overfull \hbox (61.9913pt too wide) in paragraph at lines 2248--2270
[] 
 []

[69] [70]
Chapter 7.

Underfull \hbox (badness 10000) in paragraph at lines 2275--2275
[]|\OT1/cmr/bx/n/12 Text
 []


Underfull \hbox (badness 10000) in paragraph at lines 2275--2275
[]|\OT1/cmr/bx/n/12 Drop
 []


Overfull \hbox (12.51953pt too wide) in paragraph at lines 2275--2275
[]|\OT1/cmr/bx/n/12 Password
 []


Overfull \hbox (3.78334pt too wide) in paragraph at lines 2275--2275
[]|\OT1/cmr/bx/n/12 Table| 
 []


Underfull \hbox (badness 10000) in paragraph at lines 2275--2275
[]|\OT1/cmr/bx/n/12 Date
 []


Overfull \hbox (4.49312pt too wide) in paragraph at lines 2275--2275
[]|\OT1/cmr/bx/n/12 Buttons| 
 []

[71

]
Overfull \vbox (2.19942pt too high) has occurred while \output is active []


[72]
Underfull \hbox (badness 10000) in paragraph at lines 2310--2310
\OT1/cmr/bx/n/12 Com-
 []


Underfull \hbox (badness 10000) in paragraph at lines 2310--2310
[]|\OT1/cmr/bx/n/12 Check
 []


Overfull \hbox (5.13754pt too wide) in paragraph at lines 2310--2310
[]|\OT1/cmr/bx/n/12 Menu| 
 []


Underfull \hbox (badness 10000) in paragraph at lines 2310--2310
[]|\OT1/cmr/bx/n/12 Text
 []


Overfull \hbox (7.88065pt too wide) in paragraph at lines 2310--2310
[]|\OT1/cmr/bx/n/12 Progress
 []

[73]
Chapter 8.

Underfull \hbox (badness 10000) in paragraph at lines 2347--2347
[]|\OT1/cmr/bx/n/12 Is Ab-stract
 []


Underfull \hbox (badness 10000) in paragraph at lines 2373--2373
[]| \OT1/cmr/bx/n/12 Is Sin-gle-ton
 []


Underfull \hbox (badness 2799) in paragraph at lines 2373--2373
\OT1/cmr/bx/n/12 parametrized con-
 []

[74

] [75]
Chapter 9.
[76

] [77]
Chapter 10.
<./UIs for Latex Reports/UML.jpg, id=317, 542.77782pt x 464.4853pt>
File: ./UIs for Latex Reports/UML.jpg Graphic file (type jpg)
<use ./UIs for Latex Reports/UML.jpg>
Package pdftex.def Info: ./UIs for Latex Reports/UML.jpg  used on input line 24
44.
(pdftex.def)             Requested size: 434.22284pt x 371.58875pt.

Overfull \hbox (44.22284pt too wide) in paragraph at lines 2444--2445
 [][] 
 []

[78

] [79 <./UIs for Latex Reports/UML.jpg>]
Chapter 11.

Underfull \hbox (badness 10000) in paragraph at lines 2451--2451
[]|\OT1/cmr/bx/n/12 Data Struc-
 []


Underfull \hbox (badness 2409) in paragraph at lines 2453--2453
[]|\OT1/cmr/m/n/12 In the U04 (Ac-count De-tails), Grid of the
 []


Overfull \hbox (45.93854pt too wide) in paragraph at lines 2450--2479
[]
 []


Overfull \hbox (45.93854pt too wide) in paragraph at lines 2450--2479
[] 
 []

[80

]
Overfull \vbox (54.19974pt too high) has occurred while \output is active []


[81] [82]
Chapter 12.

Underfull \hbox (badness 10000) in paragraph at lines 2483--2483
[]|\OT1/cmr/bx/n/12 Type of
 []


Underfull \hbox (badness 10000) in paragraph at lines 2483--2483
\OT1/cmr/bx/n/12 Ex-cep-
 []


Underfull \hbox (badness 2521) in paragraph at lines 2483--2483
\OT1/cmr/bx/n/12 in which ex-
 []


Underfull \hbox (badness 2351) in paragraph at lines 2483--2483
\OT1/cmr/bx/n/12 cep-tion could
 []


Underfull \hbox (badness 10000) in paragraph at lines 2484--2484
[]|\OT1/cmr/m/n/12 Incorrect
 []


Underfull \hbox (badness 10000) in paragraph at lines 2484--2484
[]|\OT1/cmr/m/n/12 Restrict the user
 []


Underfull \hbox (badness 10000) in paragraph at lines 2485--2485
[]|\OT1/cmr/m/n/12 File not
 []


Underfull \hbox (badness 10000) in paragraph at lines 2487--2487
[]|\OT1/cmr/m/n/12 Incorrect
 []


Overfull \hbox (60.73853pt too wide) in paragraph at lines 2482--2491
[] 
 []

[83

]
Chapter 13.
[84

] [85]
Chapter 14.
[86

]
Chapter 15.

Underfull \hbox (badness 10000) in paragraph at lines 2550--2550
[]|\OT1/cmr/bx/n/12 Estimated
 []


Underfull \hbox (badness 10000) in paragraph at lines 2550--2550
\OT1/cmr/bx/n/12 Com-ple-tion
 []

[87

]
Chapter 16.
[88

] (MMS-Latex.aux) ) 
Here is how much of TeX's memory you used:
 1659 strings out of 475385
 34669 string characters out of 2778323
 404069 words of memory out of 3000000
 23037 multiletter control sequences out of 15000+600000
 474158 words of font info for 44 fonts, out of 8000000 for 9000
 1141 hyphenation exceptions out of 8191
 55i,13n,62p,763b,262s stack positions out of 10000i,1000n,20000p,200000b,80000s
 <C:\Users\AA\AppData\Local\MiKTeX\fonts/pk/ljfour/jknappen/
ec/dpi600\tcrm1200.pk><C:/Users/AA/AppData/Local/Programs/MiKTeX/fonts/type1/pu
blic/amsfonts/cm/cmbx12.pfb><C:/Users/AA/AppData/Local/Programs/MiKTeX/fonts/ty
pe1/public/amsfonts/cm/cmmi12.pfb><C:/Users/AA/AppData/Local/Programs/MiKTeX/fo
nts/type1/public/amsfonts/cm/cmr12.pfb>
Output written on MMS-Latex.pdf (92 pages, 631326 bytes).
PDF statistics:
 374 PDF objects out of 1000 (max. 8388607)
 0 named destinations out of 1000 (max. 500000)
 141 words of extra memory for PDF output out of 10000 (max. 10000000)

